[0.210s] Invoking command in '/ROS2-Template/ros2_ws/build/interfaces': CMAKE_PREFIX_PATH=/opt/ros/humble /usr/bin/cmake /ROS2-Template/ros2_ws/src/interfaces -DCMAKE_INSTALL_PREFIX=/ROS2-Template/ros2_ws/install/interfaces
[0.218s] [33mCMake Warning (dev) at CMakeLists.txt:14:
[0.218s]   Syntax Warning in cmake code at column 20
[0.218s] 
[0.218s]   Argument not separated from preceding token by whitespace.
[0.218s] This warning is for project developers.  Use -Wno-dev to suppress it.
[0.219s] [0m
[0.227s] -- Found ament_cmake: 1.3.12 (/opt/ros/humble/share/ament_cmake/cmake)
[0.364s] -- Found rosidl_default_generators: 1.2.0 (/opt/ros/humble/share/rosidl_default_generators/cmake)
[0.366s] -- Using all available rosidl_typesupport_c: rosidl_typesupport_fastrtps_c;rosidl_typesupport_introspection_c
[0.370s] -- Found rosidl_adapter: 3.1.7 (/opt/ros/humble/share/rosidl_adapter/cmake)
[0.420s] -- Using all available rosidl_typesupport_cpp: rosidl_typesupport_fastrtps_cpp;rosidl_typesupport_introspection_cpp
[0.455s] [31mCMake Error at /opt/ros/humble/share/rosidl_cmake/cmake/rosidl_generate_interfaces.cmake:93 (message):
[0.455s]   rosidl_generate_interfaces() the passed file ',' doesn't exist relative to
[0.455s]   the CMAKE_CURRENT_SOURCE_DIR '/ROS2-Template/ros2_ws/src/interfaces'
[0.455s] Call Stack (most recent call first):
[0.455s]   CMakeLists.txt:12 (rosidl_generate_interfaces)
[0.456s] 
[0.456s] [0m
[0.456s] -- Configuring incomplete, errors occurred!
[0.456s] See also "/ROS2-Template/ros2_ws/build/interfaces/CMakeFiles/CMakeOutput.log".
[0.460s] Invoked command in '/ROS2-Template/ros2_ws/build/interfaces' returned '1': CMAKE_PREFIX_PATH=/opt/ros/humble /usr/bin/cmake /ROS2-Template/ros2_ws/src/interfaces -DCMAKE_INSTALL_PREFIX=/ROS2-Template/ros2_ws/install/interfaces
