[0.530s] Invoking command in '/ROS2-Template/ros2_ws/src/python': PYTHONPATH=/ROS2-Template/ros2_ws/build/python/prefix_override:/usr/lib/python3/dist-packages/colcon_core/task/python/colcon_distutils_commands:/ROS2-Template/ros2_ws/install/python/lib/python3.10/site-packages:${PYTHONPATH} /usr/bin/python3 -W ignore:setup.py install is deprecated -W ignore:easy_install command is deprecated setup.py egg_info --egg-base ../../build/python build --build-base /ROS2-Template/ros2_ws/build/python/build install --record /ROS2-Template/ros2_ws/build/python/install.log --single-version-externally-managed install_data
[0.703s] running egg_info
[0.703s] writing ../../build/python/python.egg-info/PKG-INFO
[0.704s] writing dependency_links to ../../build/python/python.egg-info/dependency_links.txt
[0.704s] writing entry points to ../../build/python/python.egg-info/entry_points.txt
[0.704s] writing requirements to ../../build/python/python.egg-info/requires.txt
[0.704s] writing top-level names to ../../build/python/python.egg-info/top_level.txt
[0.706s] reading manifest file '../../build/python/python.egg-info/SOURCES.txt'
[0.707s] adding license file 'LICENSE'
[0.707s] writing manifest file '../../build/python/python.egg-info/SOURCES.txt'
[0.707s] running build
[0.708s] running build_py
[0.708s] running install
[0.708s] running install_lib
[0.709s] running install_data
[0.709s] running install_egg_info
[0.711s] removing '/ROS2-Template/ros2_ws/install/python/lib/python3.10/site-packages/python-0.0.0-py3.10.egg-info' (and everything under it)
[0.711s] Copying ../../build/python/python.egg-info to /ROS2-Template/ros2_ws/install/python/lib/python3.10/site-packages/python-0.0.0-py3.10.egg-info
[0.713s] running install_scripts
[0.728s] writing list of installed files to '/ROS2-Template/ros2_ws/build/python/install.log'
[0.746s] Invoked command in '/ROS2-Template/ros2_ws/src/python' returned '0': PYTHONPATH=/ROS2-Template/ros2_ws/build/python/prefix_override:/usr/lib/python3/dist-packages/colcon_core/task/python/colcon_distutils_commands:/ROS2-Template/ros2_ws/install/python/lib/python3.10/site-packages:${PYTHONPATH} /usr/bin/python3 -W ignore:setup.py install is deprecated -W ignore:easy_install command is deprecated setup.py egg_info --egg-base ../../build/python build --build-base /ROS2-Template/ros2_ws/build/python/build install --record /ROS2-Template/ros2_ws/build/python/install.log --single-version-externally-managed install_data
