[0.043s] Invoking command in '/ROS2-Template/ros2_ws/build/example_cpp': CMAKE_PREFIX_PATH=/opt/ros/humble /usr/bin/cmake --build /ROS2-Template/ros2_ws/build/example_cpp -- -j12 -l12
[0.436s] Invoked command in '/ROS2-Template/ros2_ws/build/example_cpp' returned '0': CMAKE_PREFIX_PATH=/opt/ros/humble /usr/bin/cmake --build /ROS2-Template/ros2_ws/build/example_cpp -- -j12 -l12
[0.444s] Invoking command in '/ROS2-Template/ros2_ws/build/example_cpp': CMAKE_PREFIX_PATH=/opt/ros/humble /usr/bin/cmake --install /ROS2-Template/ros2_ws/build/example_cpp
[0.452s] -- Install configuration: ""
[0.452s] -- Up-to-date: /ROS2-Template/ros2_ws/install/example_cpp/share/ament_index/resource_index/package_run_dependencies/example_cpp
[0.452s] -- Up-to-date: /ROS2-Template/ros2_ws/install/example_cpp/share/ament_index/resource_index/parent_prefix_path/example_cpp
[0.452s] -- Up-to-date: /ROS2-Template/ros2_ws/install/example_cpp/share/example_cpp/environment/ament_prefix_path.sh
[0.452s] -- Up-to-date: /ROS2-Template/ros2_ws/install/example_cpp/share/example_cpp/environment/ament_prefix_path.dsv
[0.453s] -- Up-to-date: /ROS2-Template/ros2_ws/install/example_cpp/share/example_cpp/environment/path.sh
[0.453s] -- Up-to-date: /ROS2-Template/ros2_ws/install/example_cpp/share/example_cpp/environment/path.dsv
[0.453s] -- Up-to-date: /ROS2-Template/ros2_ws/install/example_cpp/share/example_cpp/local_setup.bash
[0.453s] -- Up-to-date: /ROS2-Template/ros2_ws/install/example_cpp/share/example_cpp/local_setup.sh
[0.453s] -- Up-to-date: /ROS2-Template/ros2_ws/install/example_cpp/share/example_cpp/local_setup.zsh
[0.453s] -- Up-to-date: /ROS2-Template/ros2_ws/install/example_cpp/share/example_cpp/local_setup.dsv
[0.454s] -- Installing: /ROS2-Template/ros2_ws/install/example_cpp/share/example_cpp/package.dsv
[0.454s] -- Up-to-date: /ROS2-Template/ros2_ws/install/example_cpp/share/ament_index/resource_index/packages/example_cpp
[0.454s] -- Up-to-date: /ROS2-Template/ros2_ws/install/example_cpp/share/example_cpp/cmake/example_cppConfig.cmake
[0.454s] -- Up-to-date: /ROS2-Template/ros2_ws/install/example_cpp/share/example_cpp/cmake/example_cppConfig-version.cmake
[0.454s] -- Up-to-date: /ROS2-Template/ros2_ws/install/example_cpp/share/example_cpp/package.xml
[0.456s] Invoked command in '/ROS2-Template/ros2_ws/build/example_cpp' returned '0': CMAKE_PREFIX_PATH=/opt/ros/humble /usr/bin/cmake --install /ROS2-Template/ros2_ws/build/example_cpp
