-- Found ament_cmake: 1.3.12 (/opt/ros/humble/share/ament_cmake/cmake)
-- Found rosidl_default_generators: 1.2.0 (/opt/ros/humble/share/rosidl_default_generators/cmake)
-- Using all available rosidl_typesupport_c: rosidl_typesupport_fastrtps_c;rosidl_typesupport_introspection_c
-- Found rosidl_adapter: 3.1.7 (/opt/ros/humble/share/rosidl_adapter/cmake)
-- Using all available rosidl_typesupport_cpp: rosidl_typesupport_fastrtps_cpp;rosidl_typesupport_introspection_cpp
-- Found ament_cmake_ros: 0.10.0 (/opt/ros/humble/share/ament_cmake_ros/cmake)
-- Using all available rosidl_typesupport_c: rosidl_typesupport_fastrtps_c;rosidl_typesupport_introspection_c
-- Using all available rosidl_typesupport_cpp: rosidl_typesupport_fastrtps_cpp;rosidl_typesupport_introspection_cpp
-- Found PythonInterp: /usr/bin/python3 (found suitable version "3.10.12", minimum required is "3.6") 
-- Found python_cmake_module: 0.10.0 (/opt/ros/humble/share/python_cmake_module/cmake)
-- Found PythonLibs: /usr/lib/x86_64-linux-gnu/libpython3.10.so (found suitable version "3.10.12", minimum required is "3.5") 
-- Using PYTHON_EXECUTABLE: /usr/bin/python3
-- Using PYTHON_INCLUDE_DIRS: /usr/include/python3.10
-- Using PYTHON_LIBRARIES: /usr/lib/x86_64-linux-gnu/libpython3.10.so
-- Found PythonExtra: .so  
-- Found ament_lint_auto: 0.12.14 (/opt/ros/humble/share/ament_lint_auto/cmake)
-- Added test 'lint_cmake' to check CMake code style
-- Added test 'xmllint' to check XML markup files
-- Configuring done
-- Generating done
-- Build files have been written to: /ROS2-Template/ros2_ws/build/interfaces
[  2%] [34m[1mGenerating C code for ROS interfaces[0m
[  4%] [34m[1mGenerating C++ code for ROS interfaces[0m
[  4%] Built target ament_cmake_python_copy_interfaces
running egg_info
creating interfaces.egg-info
writing interfaces.egg-info/PKG-INFO
writing dependency_links to interfaces.egg-info/dependency_links.txt
writing top-level names to interfaces.egg-info/top_level.txt
writing manifest file 'interfaces.egg-info/SOURCES.txt'
reading manifest file 'interfaces.egg-info/SOURCES.txt'
writing manifest file 'interfaces.egg-info/SOURCES.txt'
[  4%] Built target ament_cmake_python_build_interfaces_egg
[  4%] Built target interfaces__cpp
[  6%] [32mBuilding C object CMakeFiles/interfaces__rosidl_generator_c.dir/rosidl_generator_c/interfaces/msg/detail/example__functions.c.o[0m
[  8%] [34m[1mGenerating C++ type support dispatch for ROS interfaces[0m
[ 10%] [32mBuilding C object CMakeFiles/interfaces__rosidl_generator_c.dir/rosidl_generator_c/interfaces/srv/detail/example__functions.c.o[0m
[ 12%] [32mBuilding C object CMakeFiles/interfaces__rosidl_generator_c.dir/rosidl_generator_c/interfaces/action/detail/example__functions.c.o[0m
[ 14%] [34m[1mGenerating C++ introspection for ROS interfaces[0m
[ 17%] [34m[1mGenerating C++ type support for eProsima Fast-RTPS[0m
[ 19%] [32m[1mLinking C shared library libinterfaces__rosidl_generator_c.so[0m
[ 19%] Built target interfaces__rosidl_generator_c
[ 23%] [34m[1mGenerating C type support dispatch for ROS interfaces[0m
[ 23%] [34m[1mGenerating C type support for eProsima Fast-RTPS[0m
[ 25%] [34m[1mGenerating C introspection for ROS interfaces[0m
[ 29%] [32mBuilding CXX object CMakeFiles/interfaces__rosidl_typesupport_cpp.dir/rosidl_typesupport_cpp/interfaces/action/example__type_support.cpp.o[0m
[ 29%] [32mBuilding CXX object CMakeFiles/interfaces__rosidl_typesupport_cpp.dir/rosidl_typesupport_cpp/interfaces/msg/example__type_support.cpp.o[0m
[ 31%] [32mBuilding CXX object CMakeFiles/interfaces__rosidl_typesupport_cpp.dir/rosidl_typesupport_cpp/interfaces/srv/example__type_support.cpp.o[0m
[ 34%] [32mBuilding CXX object CMakeFiles/interfaces__rosidl_typesupport_introspection_cpp.dir/rosidl_typesupport_introspection_cpp/interfaces/action/detail/example__type_support.cpp.o[0m
[ 38%] [32mBuilding CXX object CMakeFiles/interfaces__rosidl_typesupport_introspection_cpp.dir/rosidl_typesupport_introspection_cpp/interfaces/msg/detail/example__type_support.cpp.o[0m
[ 38%] [32mBuilding CXX object CMakeFiles/interfaces__rosidl_typesupport_introspection_cpp.dir/rosidl_typesupport_introspection_cpp/interfaces/srv/detail/example__type_support.cpp.o[0m
[ 42%] [32mBuilding CXX object CMakeFiles/interfaces__rosidl_typesupport_fastrtps_cpp.dir/rosidl_typesupport_fastrtps_cpp/interfaces/msg/detail/dds_fastrtps/example__type_support.cpp.o[0m
[ 42%] [32mBuilding CXX object CMakeFiles/interfaces__rosidl_typesupport_fastrtps_cpp.dir/rosidl_typesupport_fastrtps_cpp/interfaces/srv/detail/dds_fastrtps/example__type_support.cpp.o[0m
[ 44%] [32mBuilding CXX object CMakeFiles/interfaces__rosidl_typesupport_fastrtps_cpp.dir/rosidl_typesupport_fastrtps_cpp/interfaces/action/detail/dds_fastrtps/example__type_support.cpp.o[0m
[ 46%] [32mBuilding CXX object CMakeFiles/interfaces__rosidl_typesupport_c.dir/rosidl_typesupport_c/interfaces/msg/example__type_support.cpp.o[0m
[ 48%] [32mBuilding CXX object CMakeFiles/interfaces__rosidl_typesupport_c.dir/rosidl_typesupport_c/interfaces/srv/example__type_support.cpp.o[0m
[ 51%] [32mBuilding CXX object CMakeFiles/interfaces__rosidl_typesupport_c.dir/rosidl_typesupport_c/interfaces/action/example__type_support.cpp.o[0m
[ 53%] [32mBuilding C object CMakeFiles/interfaces__rosidl_typesupport_introspection_c.dir/rosidl_typesupport_introspection_c/interfaces/action/detail/example__type_support.c.o[0m
[ 55%] [32mBuilding C object CMakeFiles/interfaces__rosidl_typesupport_introspection_c.dir/rosidl_typesupport_introspection_c/interfaces/srv/detail/example__type_support.c.o[0m
[ 57%] [32mBuilding C object CMakeFiles/interfaces__rosidl_typesupport_introspection_c.dir/rosidl_typesupport_introspection_c/interfaces/msg/detail/example__type_support.c.o[0m
[ 59%] [32mBuilding CXX object CMakeFiles/interfaces__rosidl_typesupport_fastrtps_c.dir/rosidl_typesupport_fastrtps_c/interfaces/msg/detail/example__type_support_c.cpp.o[0m
[ 61%] [32mBuilding CXX object CMakeFiles/interfaces__rosidl_typesupport_fastrtps_c.dir/rosidl_typesupport_fastrtps_c/interfaces/srv/detail/example__type_support_c.cpp.o[0m
[ 63%] [32mBuilding CXX object CMakeFiles/interfaces__rosidl_typesupport_fastrtps_c.dir/rosidl_typesupport_fastrtps_c/interfaces/action/detail/example__type_support_c.cpp.o[0m
[ 65%] [32m[1mLinking CXX shared library libinterfaces__rosidl_typesupport_c.so[0m
[ 68%] [32m[1mLinking C shared library libinterfaces__rosidl_typesupport_introspection_c.so[0m
[ 68%] Built target interfaces__rosidl_typesupport_introspection_c
[ 68%] Built target interfaces__rosidl_typesupport_c
[ 70%] [32m[1mLinking CXX shared library libinterfaces__rosidl_typesupport_cpp.so[0m
[ 70%] Built target interfaces__rosidl_typesupport_cpp
[ 72%] [32m[1mLinking CXX shared library libinterfaces__rosidl_typesupport_introspection_cpp.so[0m
[ 74%] [32m[1mLinking CXX shared library libinterfaces__rosidl_typesupport_fastrtps_cpp.so[0m
[ 74%] Built target interfaces__rosidl_typesupport_introspection_cpp
[ 76%] [32m[1mLinking CXX shared library libinterfaces__rosidl_typesupport_fastrtps_c.so[0m
[ 76%] Built target interfaces__rosidl_typesupport_fastrtps_cpp
[ 76%] Built target interfaces__rosidl_typesupport_fastrtps_c
[ 76%] Built target interfaces
[ 78%] [34m[1mGenerating Python code for ROS interfaces[0m
[ 78%] Built target interfaces__py
[ 82%] [32mBuilding C object CMakeFiles/interfaces__rosidl_generator_py.dir/rosidl_generator_py/interfaces/srv/_example_s.c.o[0m
[ 82%] [32mBuilding C object CMakeFiles/interfaces__rosidl_generator_py.dir/rosidl_generator_py/interfaces/msg/_example_s.c.o[0m
[ 85%] [32mBuilding C object CMakeFiles/interfaces__rosidl_generator_py.dir/rosidl_generator_py/interfaces/action/_example_s.c.o[0m
[ 87%] [32m[1mLinking C shared library rosidl_generator_py/interfaces/libinterfaces__rosidl_generator_py.so[0m
[ 87%] Built target interfaces__rosidl_generator_py
[ 93%] [32mBuilding C object CMakeFiles/interfaces__rosidl_typesupport_introspection_c__pyext.dir/rosidl_generator_py/interfaces/_interfaces_s.ep.rosidl_typesupport_introspection_c.c.o[0m
[ 93%] [32mBuilding C object CMakeFiles/interfaces__rosidl_typesupport_fastrtps_c__pyext.dir/rosidl_generator_py/interfaces/_interfaces_s.ep.rosidl_typesupport_fastrtps_c.c.o[0m
[ 93%] [32mBuilding C object CMakeFiles/interfaces__rosidl_typesupport_c__pyext.dir/rosidl_generator_py/interfaces/_interfaces_s.ep.rosidl_typesupport_c.c.o[0m
[100%] [32m[1mLinking C shared library rosidl_generator_py/interfaces/interfaces_s__rosidl_typesupport_introspection_c.cpython-310-x86_64-linux-gnu.so[0m
[100%] [32m[1mLinking C shared library rosidl_generator_py/interfaces/interfaces_s__rosidl_typesupport_fastrtps_c.cpython-310-x86_64-linux-gnu.so[0m
[100%] [32m[1mLinking C shared library rosidl_generator_py/interfaces/interfaces_s__rosidl_typesupport_c.cpython-310-x86_64-linux-gnu.so[0m
[100%] Built target interfaces__rosidl_typesupport_c__pyext
[100%] Built target interfaces__rosidl_typesupport_fastrtps_c__pyext
[100%] Built target interfaces__rosidl_typesupport_introspection_c__pyext
-- Install configuration: ""
-- Installing: /ROS2-Template/ros2_ws/install/interfaces/share/ament_index/resource_index/rosidl_interfaces/interfaces
-- Installing: /ROS2-Template/ros2_ws/install/interfaces/include/interfaces/interfaces
-- Installing: /ROS2-Template/ros2_ws/install/interfaces/include/interfaces/interfaces/srv
-- Installing: /ROS2-Template/ros2_ws/install/interfaces/include/interfaces/interfaces/srv/detail
-- Installing: /ROS2-Template/ros2_ws/install/interfaces/include/interfaces/interfaces/srv/detail/example__struct.h
-- Installing: /ROS2-Template/ros2_ws/install/interfaces/include/interfaces/interfaces/srv/detail/example__type_support.h
-- Installing: /ROS2-Template/ros2_ws/install/interfaces/include/interfaces/interfaces/srv/detail/example__functions.c
-- Installing: /ROS2-Template/ros2_ws/install/interfaces/include/interfaces/interfaces/srv/detail/example__functions.h
-- Installing: /ROS2-Template/ros2_ws/install/interfaces/include/interfaces/interfaces/srv/example.h
-- Installing: /ROS2-Template/ros2_ws/install/interfaces/include/interfaces/interfaces/msg
-- Installing: /ROS2-Template/ros2_ws/install/interfaces/include/interfaces/interfaces/msg/rosidl_generator_c__visibility_control.h
-- Installing: /ROS2-Template/ros2_ws/install/interfaces/include/interfaces/interfaces/msg/detail
-- Installing: /ROS2-Template/ros2_ws/install/interfaces/include/interfaces/interfaces/msg/detail/example__struct.h
-- Installing: /ROS2-Template/ros2_ws/install/interfaces/include/interfaces/interfaces/msg/detail/example__type_support.h
-- Installing: /ROS2-Template/ros2_ws/install/interfaces/include/interfaces/interfaces/msg/detail/example__functions.c
-- Installing: /ROS2-Template/ros2_ws/install/interfaces/include/interfaces/interfaces/msg/detail/example__functions.h
-- Installing: /ROS2-Template/ros2_ws/install/interfaces/include/interfaces/interfaces/msg/example.h
-- Installing: /ROS2-Template/ros2_ws/install/interfaces/include/interfaces/interfaces/action
-- Installing: /ROS2-Template/ros2_ws/install/interfaces/include/interfaces/interfaces/action/detail
-- Installing: /ROS2-Template/ros2_ws/install/interfaces/include/interfaces/interfaces/action/detail/example__struct.h
-- Installing: /ROS2-Template/ros2_ws/install/interfaces/include/interfaces/interfaces/action/detail/example__type_support.h
-- Installing: /ROS2-Template/ros2_ws/install/interfaces/include/interfaces/interfaces/action/detail/example__functions.c
-- Installing: /ROS2-Template/ros2_ws/install/interfaces/include/interfaces/interfaces/action/detail/example__functions.h
-- Installing: /ROS2-Template/ros2_ws/install/interfaces/include/interfaces/interfaces/action/example.h
-- Installing: /ROS2-Template/ros2_ws/install/interfaces/share/interfaces/environment/library_path.sh
-- Installing: /ROS2-Template/ros2_ws/install/interfaces/share/interfaces/environment/library_path.dsv
-- Installing: /ROS2-Template/ros2_ws/install/interfaces/lib/libinterfaces__rosidl_generator_c.so
-- Set runtime path of "/ROS2-Template/ros2_ws/install/interfaces/lib/libinterfaces__rosidl_generator_c.so" to ""
-- Up-to-date: /ROS2-Template/ros2_ws/install/interfaces/include/interfaces/interfaces
-- Up-to-date: /ROS2-Template/ros2_ws/install/interfaces/include/interfaces/interfaces/srv
-- Up-to-date: /ROS2-Template/ros2_ws/install/interfaces/include/interfaces/interfaces/srv/detail
-- Installing: /ROS2-Template/ros2_ws/install/interfaces/include/interfaces/interfaces/srv/detail/example__rosidl_typesupport_fastrtps_c.h
-- Up-to-date: /ROS2-Template/ros2_ws/install/interfaces/include/interfaces/interfaces/msg
-- Installing: /ROS2-Template/ros2_ws/install/interfaces/include/interfaces/interfaces/msg/rosidl_typesupport_fastrtps_c__visibility_control.h
-- Up-to-date: /ROS2-Template/ros2_ws/install/interfaces/include/interfaces/interfaces/msg/detail
-- Installing: /ROS2-Template/ros2_ws/install/interfaces/include/interfaces/interfaces/msg/detail/example__rosidl_typesupport_fastrtps_c.h
-- Up-to-date: /ROS2-Template/ros2_ws/install/interfaces/include/interfaces/interfaces/action
-- Up-to-date: /ROS2-Template/ros2_ws/install/interfaces/include/interfaces/interfaces/action/detail
-- Installing: /ROS2-Template/ros2_ws/install/interfaces/include/interfaces/interfaces/action/detail/example__rosidl_typesupport_fastrtps_c.h
-- Installing: /ROS2-Template/ros2_ws/install/interfaces/lib/libinterfaces__rosidl_typesupport_fastrtps_c.so
-- Set runtime path of "/ROS2-Template/ros2_ws/install/interfaces/lib/libinterfaces__rosidl_typesupport_fastrtps_c.so" to ""
-- Up-to-date: /ROS2-Template/ros2_ws/install/interfaces/include/interfaces/interfaces
-- Up-to-date: /ROS2-Template/ros2_ws/install/interfaces/include/interfaces/interfaces/srv
-- Up-to-date: /ROS2-Template/ros2_ws/install/interfaces/include/interfaces/interfaces/srv/detail
-- Installing: /ROS2-Template/ros2_ws/install/interfaces/include/interfaces/interfaces/srv/detail/example__type_support.c
-- Installing: /ROS2-Template/ros2_ws/install/interfaces/include/interfaces/interfaces/srv/detail/example__rosidl_typesupport_introspection_c.h
-- Up-to-date: /ROS2-Template/ros2_ws/install/interfaces/include/interfaces/interfaces/msg
-- Up-to-date: /ROS2-Template/ros2_ws/install/interfaces/include/interfaces/interfaces/msg/detail
-- Installing: /ROS2-Template/ros2_ws/install/interfaces/include/interfaces/interfaces/msg/detail/example__type_support.c
-- Installing: /ROS2-Template/ros2_ws/install/interfaces/include/interfaces/interfaces/msg/detail/example__rosidl_typesupport_introspection_c.h
-- Installing: /ROS2-Template/ros2_ws/install/interfaces/include/interfaces/interfaces/msg/rosidl_typesupport_introspection_c__visibility_control.h
-- Up-to-date: /ROS2-Template/ros2_ws/install/interfaces/include/interfaces/interfaces/action
-- Up-to-date: /ROS2-Template/ros2_ws/install/interfaces/include/interfaces/interfaces/action/detail
-- Installing: /ROS2-Template/ros2_ws/install/interfaces/include/interfaces/interfaces/action/detail/example__type_support.c
-- Installing: /ROS2-Template/ros2_ws/install/interfaces/include/interfaces/interfaces/action/detail/example__rosidl_typesupport_introspection_c.h
-- Installing: /ROS2-Template/ros2_ws/install/interfaces/lib/libinterfaces__rosidl_typesupport_introspection_c.so
-- Set runtime path of "/ROS2-Template/ros2_ws/install/interfaces/lib/libinterfaces__rosidl_typesupport_introspection_c.so" to ""
-- Installing: /ROS2-Template/ros2_ws/install/interfaces/lib/libinterfaces__rosidl_typesupport_c.so
-- Set runtime path of "/ROS2-Template/ros2_ws/install/interfaces/lib/libinterfaces__rosidl_typesupport_c.so" to ""
-- Up-to-date: /ROS2-Template/ros2_ws/install/interfaces/include/interfaces/interfaces
-- Up-to-date: /ROS2-Template/ros2_ws/install/interfaces/include/interfaces/interfaces/srv
-- Up-to-date: /ROS2-Template/ros2_ws/install/interfaces/include/interfaces/interfaces/srv/detail
-- Installing: /ROS2-Template/ros2_ws/install/interfaces/include/interfaces/interfaces/srv/detail/example__traits.hpp
-- Installing: /ROS2-Template/ros2_ws/install/interfaces/include/interfaces/interfaces/srv/detail/example__type_support.hpp
-- Installing: /ROS2-Template/ros2_ws/install/interfaces/include/interfaces/interfaces/srv/detail/example__builder.hpp
-- Installing: /ROS2-Template/ros2_ws/install/interfaces/include/interfaces/interfaces/srv/detail/example__struct.hpp
-- Installing: /ROS2-Template/ros2_ws/install/interfaces/include/interfaces/interfaces/srv/example.hpp
-- Up-to-date: /ROS2-Template/ros2_ws/install/interfaces/include/interfaces/interfaces/msg
-- Installing: /ROS2-Template/ros2_ws/install/interfaces/include/interfaces/interfaces/msg/rosidl_generator_cpp__visibility_control.hpp
-- Up-to-date: /ROS2-Template/ros2_ws/install/interfaces/include/interfaces/interfaces/msg/detail
-- Installing: /ROS2-Template/ros2_ws/install/interfaces/include/interfaces/interfaces/msg/detail/example__traits.hpp
-- Installing: /ROS2-Template/ros2_ws/install/interfaces/include/interfaces/interfaces/msg/detail/example__type_support.hpp
-- Installing: /ROS2-Template/ros2_ws/install/interfaces/include/interfaces/interfaces/msg/detail/example__builder.hpp
-- Installing: /ROS2-Template/ros2_ws/install/interfaces/include/interfaces/interfaces/msg/detail/example__struct.hpp
-- Installing: /ROS2-Template/ros2_ws/install/interfaces/include/interfaces/interfaces/msg/example.hpp
-- Up-to-date: /ROS2-Template/ros2_ws/install/interfaces/include/interfaces/interfaces/action
-- Up-to-date: /ROS2-Template/ros2_ws/install/interfaces/include/interfaces/interfaces/action/detail
-- Installing: /ROS2-Template/ros2_ws/install/interfaces/include/interfaces/interfaces/action/detail/example__traits.hpp
-- Installing: /ROS2-Template/ros2_ws/install/interfaces/include/interfaces/interfaces/action/detail/example__type_support.hpp
-- Installing: /ROS2-Template/ros2_ws/install/interfaces/include/interfaces/interfaces/action/detail/example__builder.hpp
-- Installing: /ROS2-Template/ros2_ws/install/interfaces/include/interfaces/interfaces/action/detail/example__struct.hpp
-- Installing: /ROS2-Template/ros2_ws/install/interfaces/include/interfaces/interfaces/action/example.hpp
-- Up-to-date: /ROS2-Template/ros2_ws/install/interfaces/include/interfaces/interfaces
-- Up-to-date: /ROS2-Template/ros2_ws/install/interfaces/include/interfaces/interfaces/srv
-- Up-to-date: /ROS2-Template/ros2_ws/install/interfaces/include/interfaces/interfaces/srv/detail
-- Installing: /ROS2-Template/ros2_ws/install/interfaces/include/interfaces/interfaces/srv/detail/example__rosidl_typesupport_fastrtps_cpp.hpp
-- Installing: /ROS2-Template/ros2_ws/install/interfaces/include/interfaces/interfaces/srv/detail/dds_fastrtps
-- Up-to-date: /ROS2-Template/ros2_ws/install/interfaces/include/interfaces/interfaces/msg
-- Up-to-date: /ROS2-Template/ros2_ws/install/interfaces/include/interfaces/interfaces/msg/detail
-- Installing: /ROS2-Template/ros2_ws/install/interfaces/include/interfaces/interfaces/msg/detail/example__rosidl_typesupport_fastrtps_cpp.hpp
-- Installing: /ROS2-Template/ros2_ws/install/interfaces/include/interfaces/interfaces/msg/detail/dds_fastrtps
-- Installing: /ROS2-Template/ros2_ws/install/interfaces/include/interfaces/interfaces/msg/rosidl_typesupport_fastrtps_cpp__visibility_control.h
-- Up-to-date: /ROS2-Template/ros2_ws/install/interfaces/include/interfaces/interfaces/action
-- Up-to-date: /ROS2-Template/ros2_ws/install/interfaces/include/interfaces/interfaces/action/detail
-- Installing: /ROS2-Template/ros2_ws/install/interfaces/include/interfaces/interfaces/action/detail/example__rosidl_typesupport_fastrtps_cpp.hpp
-- Installing: /ROS2-Template/ros2_ws/install/interfaces/include/interfaces/interfaces/action/detail/dds_fastrtps
-- Installing: /ROS2-Template/ros2_ws/install/interfaces/lib/libinterfaces__rosidl_typesupport_fastrtps_cpp.so
-- Set runtime path of "/ROS2-Template/ros2_ws/install/interfaces/lib/libinterfaces__rosidl_typesupport_fastrtps_cpp.so" to ""
-- Up-to-date: /ROS2-Template/ros2_ws/install/interfaces/include/interfaces/interfaces
-- Up-to-date: /ROS2-Template/ros2_ws/install/interfaces/include/interfaces/interfaces/srv
-- Up-to-date: /ROS2-Template/ros2_ws/install/interfaces/include/interfaces/interfaces/srv/detail
-- Installing: /ROS2-Template/ros2_ws/install/interfaces/include/interfaces/interfaces/srv/detail/example__type_support.cpp
-- Installing: /ROS2-Template/ros2_ws/install/interfaces/include/interfaces/interfaces/srv/detail/example__rosidl_typesupport_introspection_cpp.hpp
-- Up-to-date: /ROS2-Template/ros2_ws/install/interfaces/include/interfaces/interfaces/msg
-- Up-to-date: /ROS2-Template/ros2_ws/install/interfaces/include/interfaces/interfaces/msg/detail
-- Installing: /ROS2-Template/ros2_ws/install/interfaces/include/interfaces/interfaces/msg/detail/example__type_support.cpp
-- Installing: /ROS2-Template/ros2_ws/install/interfaces/include/interfaces/interfaces/msg/detail/example__rosidl_typesupport_introspection_cpp.hpp
-- Up-to-date: /ROS2-Template/ros2_ws/install/interfaces/include/interfaces/interfaces/action
-- Up-to-date: /ROS2-Template/ros2_ws/install/interfaces/include/interfaces/interfaces/action/detail
-- Installing: /ROS2-Template/ros2_ws/install/interfaces/include/interfaces/interfaces/action/detail/example__type_support.cpp
-- Installing: /ROS2-Template/ros2_ws/install/interfaces/include/interfaces/interfaces/action/detail/example__rosidl_typesupport_introspection_cpp.hpp
-- Installing: /ROS2-Template/ros2_ws/install/interfaces/lib/libinterfaces__rosidl_typesupport_introspection_cpp.so
-- Set runtime path of "/ROS2-Template/ros2_ws/install/interfaces/lib/libinterfaces__rosidl_typesupport_introspection_cpp.so" to ""
-- Installing: /ROS2-Template/ros2_ws/install/interfaces/lib/libinterfaces__rosidl_typesupport_cpp.so
-- Set runtime path of "/ROS2-Template/ros2_ws/install/interfaces/lib/libinterfaces__rosidl_typesupport_cpp.so" to ""
-- Installing: /ROS2-Template/ros2_ws/install/interfaces/share/interfaces/environment/pythonpath.sh
-- Installing: /ROS2-Template/ros2_ws/install/interfaces/share/interfaces/environment/pythonpath.dsv
-- Installing: /ROS2-Template/ros2_ws/install/interfaces/local/lib/python3.10/dist-packages/interfaces-0.0.0-py3.10.egg-info
-- Installing: /ROS2-Template/ros2_ws/install/interfaces/local/lib/python3.10/dist-packages/interfaces-0.0.0-py3.10.egg-info/SOURCES.txt
-- Installing: /ROS2-Template/ros2_ws/install/interfaces/local/lib/python3.10/dist-packages/interfaces-0.0.0-py3.10.egg-info/dependency_links.txt
-- Installing: /ROS2-Template/ros2_ws/install/interfaces/local/lib/python3.10/dist-packages/interfaces-0.0.0-py3.10.egg-info/PKG-INFO
-- Installing: /ROS2-Template/ros2_ws/install/interfaces/local/lib/python3.10/dist-packages/interfaces-0.0.0-py3.10.egg-info/top_level.txt
-- Installing: /ROS2-Template/ros2_ws/install/interfaces/local/lib/python3.10/dist-packages/interfaces
-- Installing: /ROS2-Template/ros2_ws/install/interfaces/local/lib/python3.10/dist-packages/interfaces/_interfaces_s.ep.rosidl_typesupport_fastrtps_c.c
-- Installing: /ROS2-Template/ros2_ws/install/interfaces/local/lib/python3.10/dist-packages/interfaces/_interfaces_s.ep.rosidl_typesupport_introspection_c.c
-- Installing: /ROS2-Template/ros2_ws/install/interfaces/local/lib/python3.10/dist-packages/interfaces/srv
-- Installing: /ROS2-Template/ros2_ws/install/interfaces/local/lib/python3.10/dist-packages/interfaces/srv/__init__.py
-- Installing: /ROS2-Template/ros2_ws/install/interfaces/local/lib/python3.10/dist-packages/interfaces/srv/_example.py
-- Installing: /ROS2-Template/ros2_ws/install/interfaces/local/lib/python3.10/dist-packages/interfaces/srv/_example_s.c
-- Installing: /ROS2-Template/ros2_ws/install/interfaces/local/lib/python3.10/dist-packages/interfaces/interfaces_s__rosidl_typesupport_introspection_c.cpython-310-x86_64-linux-gnu.so
-- Installing: /ROS2-Template/ros2_ws/install/interfaces/local/lib/python3.10/dist-packages/interfaces/msg
-- Installing: /ROS2-Template/ros2_ws/install/interfaces/local/lib/python3.10/dist-packages/interfaces/msg/__init__.py
-- Installing: /ROS2-Template/ros2_ws/install/interfaces/local/lib/python3.10/dist-packages/interfaces/msg/_example.py
-- Installing: /ROS2-Template/ros2_ws/install/interfaces/local/lib/python3.10/dist-packages/interfaces/msg/_example_s.c
-- Installing: /ROS2-Template/ros2_ws/install/interfaces/local/lib/python3.10/dist-packages/interfaces/interfaces_s__rosidl_typesupport_c.cpython-310-x86_64-linux-gnu.so
-- Installing: /ROS2-Template/ros2_ws/install/interfaces/local/lib/python3.10/dist-packages/interfaces/action
-- Installing: /ROS2-Template/ros2_ws/install/interfaces/local/lib/python3.10/dist-packages/interfaces/action/__init__.py
-- Installing: /ROS2-Template/ros2_ws/install/interfaces/local/lib/python3.10/dist-packages/interfaces/action/_example.py
-- Installing: /ROS2-Template/ros2_ws/install/interfaces/local/lib/python3.10/dist-packages/interfaces/action/_example_s.c
-- Installing: /ROS2-Template/ros2_ws/install/interfaces/local/lib/python3.10/dist-packages/interfaces/__init__.py
-- Installing: /ROS2-Template/ros2_ws/install/interfaces/local/lib/python3.10/dist-packages/interfaces/_interfaces_s.ep.rosidl_typesupport_c.c
-- Installing: /ROS2-Template/ros2_ws/install/interfaces/local/lib/python3.10/dist-packages/interfaces/libinterfaces__rosidl_generator_py.so
-- Installing: /ROS2-Template/ros2_ws/install/interfaces/local/lib/python3.10/dist-packages/interfaces/interfaces_s__rosidl_typesupport_fastrtps_c.cpython-310-x86_64-linux-gnu.so
Listing '/ROS2-Template/ros2_ws/install/interfaces/local/lib/python3.10/dist-packages/interfaces'...
Compiling '/ROS2-Template/ros2_ws/install/interfaces/local/lib/python3.10/dist-packages/interfaces/__init__.py'...
Listing '/ROS2-Template/ros2_ws/install/interfaces/local/lib/python3.10/dist-packages/interfaces/action'...
Compiling '/ROS2-Template/ros2_ws/install/interfaces/local/lib/python3.10/dist-packages/interfaces/action/__init__.py'...
Compiling '/ROS2-Template/ros2_ws/install/interfaces/local/lib/python3.10/dist-packages/interfaces/action/_example.py'...
Listing '/ROS2-Template/ros2_ws/install/interfaces/local/lib/python3.10/dist-packages/interfaces/msg'...
Compiling '/ROS2-Template/ros2_ws/install/interfaces/local/lib/python3.10/dist-packages/interfaces/msg/__init__.py'...
Compiling '/ROS2-Template/ros2_ws/install/interfaces/local/lib/python3.10/dist-packages/interfaces/msg/_example.py'...
Listing '/ROS2-Template/ros2_ws/install/interfaces/local/lib/python3.10/dist-packages/interfaces/srv'...
Compiling '/ROS2-Template/ros2_ws/install/interfaces/local/lib/python3.10/dist-packages/interfaces/srv/__init__.py'...
Compiling '/ROS2-Template/ros2_ws/install/interfaces/local/lib/python3.10/dist-packages/interfaces/srv/_example.py'...
-- Installing: /ROS2-Template/ros2_ws/install/interfaces/local/lib/python3.10/dist-packages/interfaces/interfaces_s__rosidl_typesupport_fastrtps_c.cpython-310-x86_64-linux-gnu.so
-- Set runtime path of "/ROS2-Template/ros2_ws/install/interfaces/local/lib/python3.10/dist-packages/interfaces/interfaces_s__rosidl_typesupport_fastrtps_c.cpython-310-x86_64-linux-gnu.so" to ""
-- Installing: /ROS2-Template/ros2_ws/install/interfaces/local/lib/python3.10/dist-packages/interfaces/interfaces_s__rosidl_typesupport_introspection_c.cpython-310-x86_64-linux-gnu.so
-- Set runtime path of "/ROS2-Template/ros2_ws/install/interfaces/local/lib/python3.10/dist-packages/interfaces/interfaces_s__rosidl_typesupport_introspection_c.cpython-310-x86_64-linux-gnu.so" to ""
-- Installing: /ROS2-Template/ros2_ws/install/interfaces/local/lib/python3.10/dist-packages/interfaces/interfaces_s__rosidl_typesupport_c.cpython-310-x86_64-linux-gnu.so
-- Set runtime path of "/ROS2-Template/ros2_ws/install/interfaces/local/lib/python3.10/dist-packages/interfaces/interfaces_s__rosidl_typesupport_c.cpython-310-x86_64-linux-gnu.so" to ""
-- Installing: /ROS2-Template/ros2_ws/install/interfaces/lib/libinterfaces__rosidl_generator_py.so
-- Set runtime path of "/ROS2-Template/ros2_ws/install/interfaces/lib/libinterfaces__rosidl_generator_py.so" to ""
-- Installing: /ROS2-Template/ros2_ws/install/interfaces/share/interfaces/msg/Example.idl
-- Installing: /ROS2-Template/ros2_ws/install/interfaces/share/interfaces/srv/Example.idl
-- Installing: /ROS2-Template/ros2_ws/install/interfaces/share/interfaces/action/Example.idl
-- Installing: /ROS2-Template/ros2_ws/install/interfaces/share/interfaces/msg/Example.msg
-- Installing: /ROS2-Template/ros2_ws/install/interfaces/share/interfaces/srv/Example.srv
-- Installing: /ROS2-Template/ros2_ws/install/interfaces/share/interfaces/srv/Example_Request.msg
-- Installing: /ROS2-Template/ros2_ws/install/interfaces/share/interfaces/srv/Example_Response.msg
-- Installing: /ROS2-Template/ros2_ws/install/interfaces/share/interfaces/action/Example.action
-- Installing: /ROS2-Template/ros2_ws/install/interfaces/share/ament_index/resource_index/package_run_dependencies/interfaces
-- Installing: /ROS2-Template/ros2_ws/install/interfaces/share/ament_index/resource_index/parent_prefix_path/interfaces
-- Installing: /ROS2-Template/ros2_ws/install/interfaces/share/interfaces/environment/ament_prefix_path.sh
-- Installing: /ROS2-Template/ros2_ws/install/interfaces/share/interfaces/environment/ament_prefix_path.dsv
-- Installing: /ROS2-Template/ros2_ws/install/interfaces/share/interfaces/environment/path.sh
-- Installing: /ROS2-Template/ros2_ws/install/interfaces/share/interfaces/environment/path.dsv
-- Installing: /ROS2-Template/ros2_ws/install/interfaces/share/interfaces/local_setup.bash
-- Installing: /ROS2-Template/ros2_ws/install/interfaces/share/interfaces/local_setup.sh
-- Installing: /ROS2-Template/ros2_ws/install/interfaces/share/interfaces/local_setup.zsh
-- Installing: /ROS2-Template/ros2_ws/install/interfaces/share/interfaces/local_setup.dsv
-- Installing: /ROS2-Template/ros2_ws/install/interfaces/share/interfaces/package.dsv
-- Installing: /ROS2-Template/ros2_ws/install/interfaces/share/ament_index/resource_index/packages/interfaces
-- Installing: /ROS2-Template/ros2_ws/install/interfaces/share/interfaces/cmake/export_interfaces__rosidl_generator_cExport.cmake
-- Installing: /ROS2-Template/ros2_ws/install/interfaces/share/interfaces/cmake/export_interfaces__rosidl_generator_cExport-noconfig.cmake
-- Installing: /ROS2-Template/ros2_ws/install/interfaces/share/interfaces/cmake/export_interfaces__rosidl_typesupport_fastrtps_cExport.cmake
-- Installing: /ROS2-Template/ros2_ws/install/interfaces/share/interfaces/cmake/export_interfaces__rosidl_typesupport_fastrtps_cExport-noconfig.cmake
-- Installing: /ROS2-Template/ros2_ws/install/interfaces/share/interfaces/cmake/interfaces__rosidl_typesupport_introspection_cExport.cmake
-- Installing: /ROS2-Template/ros2_ws/install/interfaces/share/interfaces/cmake/interfaces__rosidl_typesupport_introspection_cExport-noconfig.cmake
-- Installing: /ROS2-Template/ros2_ws/install/interfaces/share/interfaces/cmake/interfaces__rosidl_typesupport_cExport.cmake
-- Installing: /ROS2-Template/ros2_ws/install/interfaces/share/interfaces/cmake/interfaces__rosidl_typesupport_cExport-noconfig.cmake
-- Installing: /ROS2-Template/ros2_ws/install/interfaces/share/interfaces/cmake/export_interfaces__rosidl_generator_cppExport.cmake
-- Installing: /ROS2-Template/ros2_ws/install/interfaces/share/interfaces/cmake/export_interfaces__rosidl_typesupport_fastrtps_cppExport.cmake
-- Installing: /ROS2-Template/ros2_ws/install/interfaces/share/interfaces/cmake/export_interfaces__rosidl_typesupport_fastrtps_cppExport-noconfig.cmake
-- Installing: /ROS2-Template/ros2_ws/install/interfaces/share/interfaces/cmake/interfaces__rosidl_typesupport_introspection_cppExport.cmake
-- Installing: /ROS2-Template/ros2_ws/install/interfaces/share/interfaces/cmake/interfaces__rosidl_typesupport_introspection_cppExport-noconfig.cmake
-- Installing: /ROS2-Template/ros2_ws/install/interfaces/share/interfaces/cmake/interfaces__rosidl_typesupport_cppExport.cmake
-- Installing: /ROS2-Template/ros2_ws/install/interfaces/share/interfaces/cmake/interfaces__rosidl_typesupport_cppExport-noconfig.cmake
-- Installing: /ROS2-Template/ros2_ws/install/interfaces/share/interfaces/cmake/export_interfaces__rosidl_generator_pyExport.cmake
-- Installing: /ROS2-Template/ros2_ws/install/interfaces/share/interfaces/cmake/export_interfaces__rosidl_generator_pyExport-noconfig.cmake
-- Installing: /ROS2-Template/ros2_ws/install/interfaces/share/interfaces/cmake/rosidl_cmake-extras.cmake
-- Installing: /ROS2-Template/ros2_ws/install/interfaces/share/interfaces/cmake/ament_cmake_export_dependencies-extras.cmake
-- Installing: /ROS2-Template/ros2_ws/install/interfaces/share/interfaces/cmake/ament_cmake_export_include_directories-extras.cmake
-- Installing: /ROS2-Template/ros2_ws/install/interfaces/share/interfaces/cmake/ament_cmake_export_libraries-extras.cmake
-- Installing: /ROS2-Template/ros2_ws/install/interfaces/share/interfaces/cmake/ament_cmake_export_targets-extras.cmake
-- Installing: /ROS2-Template/ros2_ws/install/interfaces/share/interfaces/cmake/rosidl_cmake_export_typesupport_targets-extras.cmake
-- Installing: /ROS2-Template/ros2_ws/install/interfaces/share/interfaces/cmake/rosidl_cmake_export_typesupport_libraries-extras.cmake
-- Installing: /ROS2-Template/ros2_ws/install/interfaces/share/interfaces/cmake/interfacesConfig.cmake
-- Installing: /ROS2-Template/ros2_ws/install/interfaces/share/interfaces/cmake/interfacesConfig-version.cmake
-- Installing: /ROS2-Template/ros2_ws/install/interfaces/share/interfaces/package.xml
