[0.206s] Invoking command in '/ROS2-Template/ros2_ws/build/interfaces': CMAKE_PREFIX_PATH=/opt/ros/humble /usr/bin/cmake /ROS2-Template/ros2_ws/src/interfaces -DCMAKE_INSTALL_PREFIX=/ROS2-Template/ros2_ws/install/interfaces
[0.223s] -- Found ament_cmake: 1.3.12 (/opt/ros/humble/share/ament_cmake/cmake)
[0.357s] -- Found rosidl_default_generators: 1.2.0 (/opt/ros/humble/share/rosidl_default_generators/cmake)
[0.359s] -- Using all available rosidl_typesupport_c: rosidl_typesupport_fastrtps_c;rosidl_typesupport_introspection_c
[0.363s] -- Found rosidl_adapter: 3.1.7 (/opt/ros/humble/share/rosidl_adapter/cmake)
[0.411s] -- Using all available rosidl_typesupport_cpp: rosidl_typesupport_fastrtps_cpp;rosidl_typesupport_introspection_cpp
[0.707s] -- Found ament_cmake_ros: 0.10.0 (/opt/ros/humble/share/ament_cmake_ros/cmake)
[0.874s] -- Using all available rosidl_typesupport_c: rosidl_typesupport_fastrtps_c;rosidl_typesupport_introspection_c
[1.078s] -- Using all available rosidl_typesupport_cpp: rosidl_typesupport_fastrtps_cpp;rosidl_typesupport_introspection_cpp
[1.101s] -- Found PythonInterp: /usr/bin/python3 (found suitable version "3.10.12", minimum required is "3.6") 
[1.104s] -- Found python_cmake_module: 0.10.0 (/opt/ros/humble/share/python_cmake_module/cmake)
[1.131s] -- Found PythonLibs: /usr/lib/x86_64-linux-gnu/libpython3.10.so (found suitable version "3.10.12", minimum required is "3.5") 
[1.131s] -- Using PYTHON_EXECUTABLE: /usr/bin/python3
[1.131s] -- Using PYTHON_INCLUDE_DIRS: /usr/include/python3.10
[1.131s] -- Using PYTHON_LIBRARIES: /usr/lib/x86_64-linux-gnu/libpython3.10.so
[1.149s] -- Found PythonExtra: .so  
[1.187s] -- Found ament_lint_auto: 0.12.14 (/opt/ros/humble/share/ament_lint_auto/cmake)
[1.222s] -- Added test 'lint_cmake' to check CMake code style
[1.224s] -- Added test 'xmllint' to check XML markup files
[1.229s] -- Configuring done
[1.306s] -- Generating done
[1.318s] -- Build files have been written to: /ROS2-Template/ros2_ws/build/interfaces
[1.325s] Invoked command in '/ROS2-Template/ros2_ws/build/interfaces' returned '0': CMAKE_PREFIX_PATH=/opt/ros/humble /usr/bin/cmake /ROS2-Template/ros2_ws/src/interfaces -DCMAKE_INSTALL_PREFIX=/ROS2-Template/ros2_ws/install/interfaces
[1.327s] Invoking command in '/ROS2-Template/ros2_ws/build/interfaces': CMAKE_PREFIX_PATH=/opt/ros/humble /usr/bin/cmake --build /ROS2-Template/ros2_ws/build/interfaces -- -j12 -l12
[1.371s] [  2%] [34m[1mGenerating C code for ROS interfaces[0m
[1.381s] [  4%] [34m[1mGenerating C++ code for ROS interfaces[0m
[1.391s] [  4%] Built target ament_cmake_python_copy_interfaces
[1.584s] running egg_info
[1.585s] creating interfaces.egg-info
[1.585s] writing interfaces.egg-info/PKG-INFO
[1.586s] writing dependency_links to interfaces.egg-info/dependency_links.txt
[1.586s] writing top-level names to interfaces.egg-info/top_level.txt
[1.586s] writing manifest file 'interfaces.egg-info/SOURCES.txt'
[1.588s] reading manifest file 'interfaces.egg-info/SOURCES.txt'
[1.588s] writing manifest file 'interfaces.egg-info/SOURCES.txt'
[1.614s] [  4%] Built target ament_cmake_python_build_interfaces_egg
[1.965s] [  4%] Built target interfaces__cpp
[2.006s] [  6%] [32mBuilding C object CMakeFiles/interfaces__rosidl_generator_c.dir/rosidl_generator_c/interfaces/msg/detail/example__functions.c.o[0m
[2.007s] [  8%] [34m[1mGenerating C++ type support dispatch for ROS interfaces[0m
[2.011s] [ 10%] [32mBuilding C object CMakeFiles/interfaces__rosidl_generator_c.dir/rosidl_generator_c/interfaces/srv/detail/example__functions.c.o[0m
[2.016s] [ 12%] [32mBuilding C object CMakeFiles/interfaces__rosidl_generator_c.dir/rosidl_generator_c/interfaces/action/detail/example__functions.c.o[0m
[2.027s] [ 14%] [34m[1mGenerating C++ introspection for ROS interfaces[0m
[2.032s] [ 17%] [34m[1mGenerating C++ type support for eProsima Fast-RTPS[0m
[2.224s] [ 19%] [32m[1mLinking C shared library libinterfaces__rosidl_generator_c.so[0m
[2.276s] [ 19%] Built target interfaces__rosidl_generator_c
[2.289s] [ 23%] [34m[1mGenerating C type support dispatch for ROS interfaces[0m
[2.289s] [ 23%] [34m[1mGenerating C type support for eProsima Fast-RTPS[0m
[2.289s] [ 25%] [34m[1mGenerating C introspection for ROS interfaces[0m
[2.367s] [ 29%] [32mBuilding CXX object CMakeFiles/interfaces__rosidl_typesupport_cpp.dir/rosidl_typesupport_cpp/interfaces/action/example__type_support.cpp.o[0m
[2.367s] [ 29%] [32mBuilding CXX object CMakeFiles/interfaces__rosidl_typesupport_cpp.dir/rosidl_typesupport_cpp/interfaces/msg/example__type_support.cpp.o[0m
[2.368s] [ 31%] [32mBuilding CXX object CMakeFiles/interfaces__rosidl_typesupport_cpp.dir/rosidl_typesupport_cpp/interfaces/srv/example__type_support.cpp.o[0m
[2.431s] [ 34%] [32mBuilding CXX object CMakeFiles/interfaces__rosidl_typesupport_introspection_cpp.dir/rosidl_typesupport_introspection_cpp/interfaces/action/detail/example__type_support.cpp.o[0m
[2.432s] [ 38%] [32mBuilding CXX object CMakeFiles/interfaces__rosidl_typesupport_introspection_cpp.dir/rosidl_typesupport_introspection_cpp/interfaces/msg/detail/example__type_support.cpp.o[0m
[2.432s] [ 38%] [32mBuilding CXX object CMakeFiles/interfaces__rosidl_typesupport_introspection_cpp.dir/rosidl_typesupport_introspection_cpp/interfaces/srv/detail/example__type_support.cpp.o[0m
[2.595s] [ 42%] [32mBuilding CXX object CMakeFiles/interfaces__rosidl_typesupport_fastrtps_cpp.dir/rosidl_typesupport_fastrtps_cpp/interfaces/msg/detail/dds_fastrtps/example__type_support.cpp.o[0m
[2.595s] [ 42%] [32mBuilding CXX object CMakeFiles/interfaces__rosidl_typesupport_fastrtps_cpp.dir/rosidl_typesupport_fastrtps_cpp/interfaces/srv/detail/dds_fastrtps/example__type_support.cpp.o[0m
[2.596s] [ 44%] [32mBuilding CXX object CMakeFiles/interfaces__rosidl_typesupport_fastrtps_cpp.dir/rosidl_typesupport_fastrtps_cpp/interfaces/action/detail/dds_fastrtps/example__type_support.cpp.o[0m
[2.766s] [ 46%] [32mBuilding CXX object CMakeFiles/interfaces__rosidl_typesupport_c.dir/rosidl_typesupport_c/interfaces/msg/example__type_support.cpp.o[0m
[2.853s] [ 48%] [32mBuilding CXX object CMakeFiles/interfaces__rosidl_typesupport_c.dir/rosidl_typesupport_c/interfaces/srv/example__type_support.cpp.o[0m
[2.970s] [ 51%] [32mBuilding CXX object CMakeFiles/interfaces__rosidl_typesupport_c.dir/rosidl_typesupport_c/interfaces/action/example__type_support.cpp.o[0m
[3.013s] [ 53%] [32mBuilding C object CMakeFiles/interfaces__rosidl_typesupport_introspection_c.dir/rosidl_typesupport_introspection_c/interfaces/action/detail/example__type_support.c.o[0m
[3.015s] [ 55%] [32mBuilding C object CMakeFiles/interfaces__rosidl_typesupport_introspection_c.dir/rosidl_typesupport_introspection_c/interfaces/srv/detail/example__type_support.c.o[0m
[3.016s] [ 57%] [32mBuilding C object CMakeFiles/interfaces__rosidl_typesupport_introspection_c.dir/rosidl_typesupport_introspection_c/interfaces/msg/detail/example__type_support.c.o[0m
[3.044s] [ 59%] [32mBuilding CXX object CMakeFiles/interfaces__rosidl_typesupport_fastrtps_c.dir/rosidl_typesupport_fastrtps_c/interfaces/msg/detail/example__type_support_c.cpp.o[0m
[3.099s] [ 61%] [32mBuilding CXX object CMakeFiles/interfaces__rosidl_typesupport_fastrtps_c.dir/rosidl_typesupport_fastrtps_c/interfaces/srv/detail/example__type_support_c.cpp.o[0m
[3.105s] [ 63%] [32mBuilding CXX object CMakeFiles/interfaces__rosidl_typesupport_fastrtps_c.dir/rosidl_typesupport_fastrtps_c/interfaces/action/detail/example__type_support_c.cpp.o[0m
[3.127s] [ 65%] [32m[1mLinking CXX shared library libinterfaces__rosidl_typesupport_c.so[0m
[3.150s] [ 68%] [32m[1mLinking C shared library libinterfaces__rosidl_typesupport_introspection_c.so[0m
[3.225s] [ 68%] Built target interfaces__rosidl_typesupport_introspection_c
[3.235s] [ 68%] Built target interfaces__rosidl_typesupport_c
[3.303s] [ 70%] [32m[1mLinking CXX shared library libinterfaces__rosidl_typesupport_cpp.so[0m
[3.392s] [ 70%] Built target interfaces__rosidl_typesupport_cpp
[3.495s] [ 72%] [32m[1mLinking CXX shared library libinterfaces__rosidl_typesupport_introspection_cpp.so[0m
[3.584s] [ 74%] [32m[1mLinking CXX shared library libinterfaces__rosidl_typesupport_fastrtps_cpp.so[0m
[3.591s] [ 74%] Built target interfaces__rosidl_typesupport_introspection_cpp
[3.629s] [ 76%] [32m[1mLinking CXX shared library libinterfaces__rosidl_typesupport_fastrtps_c.so[0m
[3.659s] [ 76%] Built target interfaces__rosidl_typesupport_fastrtps_cpp
[3.702s] [ 76%] Built target interfaces__rosidl_typesupport_fastrtps_c
[3.725s] [ 76%] Built target interfaces
[3.747s] [ 78%] [34m[1mGenerating Python code for ROS interfaces[0m
[4.366s] [ 78%] Built target interfaces__py
[4.390s] [ 82%] [32mBuilding C object CMakeFiles/interfaces__rosidl_generator_py.dir/rosidl_generator_py/interfaces/srv/_example_s.c.o[0m
[4.390s] [ 82%] [32mBuilding C object CMakeFiles/interfaces__rosidl_generator_py.dir/rosidl_generator_py/interfaces/msg/_example_s.c.o[0m
[4.390s] [ 85%] [32mBuilding C object CMakeFiles/interfaces__rosidl_generator_py.dir/rosidl_generator_py/interfaces/action/_example_s.c.o[0m
[4.569s] [ 87%] [32m[1mLinking C shared library rosidl_generator_py/interfaces/libinterfaces__rosidl_generator_py.so[0m
[4.624s] [ 87%] Built target interfaces__rosidl_generator_py
[4.649s] [ 93%] [32mBuilding C object CMakeFiles/interfaces__rosidl_typesupport_introspection_c__pyext.dir/rosidl_generator_py/interfaces/_interfaces_s.ep.rosidl_typesupport_introspection_c.c.o[0m
[4.649s] [ 93%] [32mBuilding C object CMakeFiles/interfaces__rosidl_typesupport_fastrtps_c__pyext.dir/rosidl_generator_py/interfaces/_interfaces_s.ep.rosidl_typesupport_fastrtps_c.c.o[0m
[4.649s] [ 93%] [32mBuilding C object CMakeFiles/interfaces__rosidl_typesupport_c__pyext.dir/rosidl_generator_py/interfaces/_interfaces_s.ep.rosidl_typesupport_c.c.o[0m
[4.780s] [100%] [32m[1mLinking C shared library rosidl_generator_py/interfaces/interfaces_s__rosidl_typesupport_introspection_c.cpython-310-x86_64-linux-gnu.so[0m
[4.780s] [100%] [32m[1mLinking C shared library rosidl_generator_py/interfaces/interfaces_s__rosidl_typesupport_fastrtps_c.cpython-310-x86_64-linux-gnu.so[0m
[4.780s] [100%] [32m[1mLinking C shared library rosidl_generator_py/interfaces/interfaces_s__rosidl_typesupport_c.cpython-310-x86_64-linux-gnu.so[0m
[4.825s] [100%] Built target interfaces__rosidl_typesupport_c__pyext
[4.825s] [100%] Built target interfaces__rosidl_typesupport_fastrtps_c__pyext
[4.825s] [100%] Built target interfaces__rosidl_typesupport_introspection_c__pyext
[4.840s] Invoked command in '/ROS2-Template/ros2_ws/build/interfaces' returned '0': CMAKE_PREFIX_PATH=/opt/ros/humble /usr/bin/cmake --build /ROS2-Template/ros2_ws/build/interfaces -- -j12 -l12
[4.841s] Invoking command in '/ROS2-Template/ros2_ws/build/interfaces': CMAKE_PREFIX_PATH=/opt/ros/humble /usr/bin/cmake --install /ROS2-Template/ros2_ws/build/interfaces
[4.849s] -- Install configuration: ""
[4.851s] -- Installing: /ROS2-Template/ros2_ws/install/interfaces/share/ament_index/resource_index/rosidl_interfaces/interfaces
[4.851s] -- Installing: /ROS2-Template/ros2_ws/install/interfaces/include/interfaces/interfaces
[4.852s] -- Installing: /ROS2-Template/ros2_ws/install/interfaces/include/interfaces/interfaces/srv
[4.853s] -- Installing: /ROS2-Template/ros2_ws/install/interfaces/include/interfaces/interfaces/srv/detail
[4.853s] -- Installing: /ROS2-Template/ros2_ws/install/interfaces/include/interfaces/interfaces/srv/detail/example__struct.h
[4.853s] -- Installing: /ROS2-Template/ros2_ws/install/interfaces/include/interfaces/interfaces/srv/detail/example__type_support.h
[4.854s] -- Installing: /ROS2-Template/ros2_ws/install/interfaces/include/interfaces/interfaces/srv/detail/example__functions.c
[4.854s] -- Installing: /ROS2-Template/ros2_ws/install/interfaces/include/interfaces/interfaces/srv/detail/example__functions.h
[4.854s] -- Installing: /ROS2-Template/ros2_ws/install/interfaces/include/interfaces/interfaces/srv/example.h
[4.854s] -- Installing: /ROS2-Template/ros2_ws/install/interfaces/include/interfaces/interfaces/msg
[4.855s] -- Installing: /ROS2-Template/ros2_ws/install/interfaces/include/interfaces/interfaces/msg/rosidl_generator_c__visibility_control.h
[4.855s] -- Installing: /ROS2-Template/ros2_ws/install/interfaces/include/interfaces/interfaces/msg/detail
[4.856s] -- Installing: /ROS2-Template/ros2_ws/install/interfaces/include/interfaces/interfaces/msg/detail/example__struct.h
[4.856s] -- Installing: /ROS2-Template/ros2_ws/install/interfaces/include/interfaces/interfaces/msg/detail/example__type_support.h
[4.856s] -- Installing: /ROS2-Template/ros2_ws/install/interfaces/include/interfaces/interfaces/msg/detail/example__functions.c
[4.856s] -- Installing: /ROS2-Template/ros2_ws/install/interfaces/include/interfaces/interfaces/msg/detail/example__functions.h
[4.857s] -- Installing: /ROS2-Template/ros2_ws/install/interfaces/include/interfaces/interfaces/msg/example.h
[4.857s] -- Installing: /ROS2-Template/ros2_ws/install/interfaces/include/interfaces/interfaces/action
[4.857s] -- Installing: /ROS2-Template/ros2_ws/install/interfaces/include/interfaces/interfaces/action/detail
[4.858s] -- Installing: /ROS2-Template/ros2_ws/install/interfaces/include/interfaces/interfaces/action/detail/example__struct.h
[4.858s] -- Installing: /ROS2-Template/ros2_ws/install/interfaces/include/interfaces/interfaces/action/detail/example__type_support.h
[4.858s] -- Installing: /ROS2-Template/ros2_ws/install/interfaces/include/interfaces/interfaces/action/detail/example__functions.c
[4.859s] -- Installing: /ROS2-Template/ros2_ws/install/interfaces/include/interfaces/interfaces/action/detail/example__functions.h
[4.859s] -- Installing: /ROS2-Template/ros2_ws/install/interfaces/include/interfaces/interfaces/action/example.h
[4.860s] -- Installing: /ROS2-Template/ros2_ws/install/interfaces/share/interfaces/environment/library_path.sh
[4.860s] -- Installing: /ROS2-Template/ros2_ws/install/interfaces/share/interfaces/environment/library_path.dsv
[4.861s] -- Installing: /ROS2-Template/ros2_ws/install/interfaces/lib/libinterfaces__rosidl_generator_c.so
[4.862s] -- Set runtime path of "/ROS2-Template/ros2_ws/install/interfaces/lib/libinterfaces__rosidl_generator_c.so" to ""
[4.862s] -- Up-to-date: /ROS2-Template/ros2_ws/install/interfaces/include/interfaces/interfaces
[4.862s] -- Up-to-date: /ROS2-Template/ros2_ws/install/interfaces/include/interfaces/interfaces/srv
[4.862s] -- Up-to-date: /ROS2-Template/ros2_ws/install/interfaces/include/interfaces/interfaces/srv/detail
[4.862s] -- Installing: /ROS2-Template/ros2_ws/install/interfaces/include/interfaces/interfaces/srv/detail/example__rosidl_typesupport_fastrtps_c.h
[4.862s] -- Up-to-date: /ROS2-Template/ros2_ws/install/interfaces/include/interfaces/interfaces/msg
[4.862s] -- Installing: /ROS2-Template/ros2_ws/install/interfaces/include/interfaces/interfaces/msg/rosidl_typesupport_fastrtps_c__visibility_control.h
[4.863s] -- Up-to-date: /ROS2-Template/ros2_ws/install/interfaces/include/interfaces/interfaces/msg/detail
[4.863s] -- Installing: /ROS2-Template/ros2_ws/install/interfaces/include/interfaces/interfaces/msg/detail/example__rosidl_typesupport_fastrtps_c.h
[4.863s] -- Up-to-date: /ROS2-Template/ros2_ws/install/interfaces/include/interfaces/interfaces/action
[4.863s] -- Up-to-date: /ROS2-Template/ros2_ws/install/interfaces/include/interfaces/interfaces/action/detail
[4.863s] -- Installing: /ROS2-Template/ros2_ws/install/interfaces/include/interfaces/interfaces/action/detail/example__rosidl_typesupport_fastrtps_c.h
[4.863s] -- Installing: /ROS2-Template/ros2_ws/install/interfaces/lib/libinterfaces__rosidl_typesupport_fastrtps_c.so
[4.864s] -- Set runtime path of "/ROS2-Template/ros2_ws/install/interfaces/lib/libinterfaces__rosidl_typesupport_fastrtps_c.so" to ""
[4.864s] -- Up-to-date: /ROS2-Template/ros2_ws/install/interfaces/include/interfaces/interfaces
[4.864s] -- Up-to-date: /ROS2-Template/ros2_ws/install/interfaces/include/interfaces/interfaces/srv
[4.865s] -- Up-to-date: /ROS2-Template/ros2_ws/install/interfaces/include/interfaces/interfaces/srv/detail
[4.865s] -- Installing: /ROS2-Template/ros2_ws/install/interfaces/include/interfaces/interfaces/srv/detail/example__type_support.c
[4.865s] -- Installing: /ROS2-Template/ros2_ws/install/interfaces/include/interfaces/interfaces/srv/detail/example__rosidl_typesupport_introspection_c.h
[4.865s] -- Up-to-date: /ROS2-Template/ros2_ws/install/interfaces/include/interfaces/interfaces/msg
[4.865s] -- Up-to-date: /ROS2-Template/ros2_ws/install/interfaces/include/interfaces/interfaces/msg/detail
[4.865s] -- Installing: /ROS2-Template/ros2_ws/install/interfaces/include/interfaces/interfaces/msg/detail/example__type_support.c
[4.865s] -- Installing: /ROS2-Template/ros2_ws/install/interfaces/include/interfaces/interfaces/msg/detail/example__rosidl_typesupport_introspection_c.h
[4.866s] -- Installing: /ROS2-Template/ros2_ws/install/interfaces/include/interfaces/interfaces/msg/rosidl_typesupport_introspection_c__visibility_control.h
[4.866s] -- Up-to-date: /ROS2-Template/ros2_ws/install/interfaces/include/interfaces/interfaces/action
[4.866s] -- Up-to-date: /ROS2-Template/ros2_ws/install/interfaces/include/interfaces/interfaces/action/detail
[4.866s] -- Installing: /ROS2-Template/ros2_ws/install/interfaces/include/interfaces/interfaces/action/detail/example__type_support.c
[4.866s] -- Installing: /ROS2-Template/ros2_ws/install/interfaces/include/interfaces/interfaces/action/detail/example__rosidl_typesupport_introspection_c.h
[4.867s] -- Installing: /ROS2-Template/ros2_ws/install/interfaces/lib/libinterfaces__rosidl_typesupport_introspection_c.so
[4.867s] -- Set runtime path of "/ROS2-Template/ros2_ws/install/interfaces/lib/libinterfaces__rosidl_typesupport_introspection_c.so" to ""
[4.867s] -- Installing: /ROS2-Template/ros2_ws/install/interfaces/lib/libinterfaces__rosidl_typesupport_c.so
[4.868s] -- Set runtime path of "/ROS2-Template/ros2_ws/install/interfaces/lib/libinterfaces__rosidl_typesupport_c.so" to ""
[4.868s] -- Up-to-date: /ROS2-Template/ros2_ws/install/interfaces/include/interfaces/interfaces
[4.868s] -- Up-to-date: /ROS2-Template/ros2_ws/install/interfaces/include/interfaces/interfaces/srv
[4.869s] -- Up-to-date: /ROS2-Template/ros2_ws/install/interfaces/include/interfaces/interfaces/srv/detail
[4.869s] -- Installing: /ROS2-Template/ros2_ws/install/interfaces/include/interfaces/interfaces/srv/detail/example__traits.hpp
[4.869s] -- Installing: /ROS2-Template/ros2_ws/install/interfaces/include/interfaces/interfaces/srv/detail/example__type_support.hpp
[4.869s] -- Installing: /ROS2-Template/ros2_ws/install/interfaces/include/interfaces/interfaces/srv/detail/example__builder.hpp
[4.869s] -- Installing: /ROS2-Template/ros2_ws/install/interfaces/include/interfaces/interfaces/srv/detail/example__struct.hpp
[4.870s] -- Installing: /ROS2-Template/ros2_ws/install/interfaces/include/interfaces/interfaces/srv/example.hpp
[4.870s] -- Up-to-date: /ROS2-Template/ros2_ws/install/interfaces/include/interfaces/interfaces/msg
[4.870s] -- Installing: /ROS2-Template/ros2_ws/install/interfaces/include/interfaces/interfaces/msg/rosidl_generator_cpp__visibility_control.hpp
[4.870s] -- Up-to-date: /ROS2-Template/ros2_ws/install/interfaces/include/interfaces/interfaces/msg/detail
[4.870s] -- Installing: /ROS2-Template/ros2_ws/install/interfaces/include/interfaces/interfaces/msg/detail/example__traits.hpp
[4.870s] -- Installing: /ROS2-Template/ros2_ws/install/interfaces/include/interfaces/interfaces/msg/detail/example__type_support.hpp
[4.871s] -- Installing: /ROS2-Template/ros2_ws/install/interfaces/include/interfaces/interfaces/msg/detail/example__builder.hpp
[4.871s] -- Installing: /ROS2-Template/ros2_ws/install/interfaces/include/interfaces/interfaces/msg/detail/example__struct.hpp
[4.871s] -- Installing: /ROS2-Template/ros2_ws/install/interfaces/include/interfaces/interfaces/msg/example.hpp
[4.871s] -- Up-to-date: /ROS2-Template/ros2_ws/install/interfaces/include/interfaces/interfaces/action
[4.872s] -- Up-to-date: /ROS2-Template/ros2_ws/install/interfaces/include/interfaces/interfaces/action/detail
[4.872s] -- Installing: /ROS2-Template/ros2_ws/install/interfaces/include/interfaces/interfaces/action/detail/example__traits.hpp
[4.872s] -- Installing: /ROS2-Template/ros2_ws/install/interfaces/include/interfaces/interfaces/action/detail/example__type_support.hpp
[4.872s] -- Installing: /ROS2-Template/ros2_ws/install/interfaces/include/interfaces/interfaces/action/detail/example__builder.hpp
[4.873s] -- Installing: /ROS2-Template/ros2_ws/install/interfaces/include/interfaces/interfaces/action/detail/example__struct.hpp
[4.873s] -- Installing: /ROS2-Template/ros2_ws/install/interfaces/include/interfaces/interfaces/action/example.hpp
[4.873s] -- Up-to-date: /ROS2-Template/ros2_ws/install/interfaces/include/interfaces/interfaces
[4.874s] -- Up-to-date: /ROS2-Template/ros2_ws/install/interfaces/include/interfaces/interfaces/srv
[4.874s] -- Up-to-date: /ROS2-Template/ros2_ws/install/interfaces/include/interfaces/interfaces/srv/detail
[4.874s] -- Installing: /ROS2-Template/ros2_ws/install/interfaces/include/interfaces/interfaces/srv/detail/example__rosidl_typesupport_fastrtps_cpp.hpp
[4.874s] -- Installing: /ROS2-Template/ros2_ws/install/interfaces/include/interfaces/interfaces/srv/detail/dds_fastrtps
[4.875s] -- Up-to-date: /ROS2-Template/ros2_ws/install/interfaces/include/interfaces/interfaces/msg
[4.875s] -- Up-to-date: /ROS2-Template/ros2_ws/install/interfaces/include/interfaces/interfaces/msg/detail
[4.875s] -- Installing: /ROS2-Template/ros2_ws/install/interfaces/include/interfaces/interfaces/msg/detail/example__rosidl_typesupport_fastrtps_cpp.hpp
[4.875s] -- Installing: /ROS2-Template/ros2_ws/install/interfaces/include/interfaces/interfaces/msg/detail/dds_fastrtps
[4.875s] -- Installing: /ROS2-Template/ros2_ws/install/interfaces/include/interfaces/interfaces/msg/rosidl_typesupport_fastrtps_cpp__visibility_control.h
[4.876s] -- Up-to-date: /ROS2-Template/ros2_ws/install/interfaces/include/interfaces/interfaces/action
[4.876s] -- Up-to-date: /ROS2-Template/ros2_ws/install/interfaces/include/interfaces/interfaces/action/detail
[4.876s] -- Installing: /ROS2-Template/ros2_ws/install/interfaces/include/interfaces/interfaces/action/detail/example__rosidl_typesupport_fastrtps_cpp.hpp
[4.876s] -- Installing: /ROS2-Template/ros2_ws/install/interfaces/include/interfaces/interfaces/action/detail/dds_fastrtps
[4.877s] -- Installing: /ROS2-Template/ros2_ws/install/interfaces/lib/libinterfaces__rosidl_typesupport_fastrtps_cpp.so
[4.877s] -- Set runtime path of "/ROS2-Template/ros2_ws/install/interfaces/lib/libinterfaces__rosidl_typesupport_fastrtps_cpp.so" to ""
[4.878s] -- Up-to-date: /ROS2-Template/ros2_ws/install/interfaces/include/interfaces/interfaces
[4.878s] -- Up-to-date: /ROS2-Template/ros2_ws/install/interfaces/include/interfaces/interfaces/srv
[4.878s] -- Up-to-date: /ROS2-Template/ros2_ws/install/interfaces/include/interfaces/interfaces/srv/detail
[4.878s] -- Installing: /ROS2-Template/ros2_ws/install/interfaces/include/interfaces/interfaces/srv/detail/example__type_support.cpp
[4.878s] -- Installing: /ROS2-Template/ros2_ws/install/interfaces/include/interfaces/interfaces/srv/detail/example__rosidl_typesupport_introspection_cpp.hpp
[4.878s] -- Up-to-date: /ROS2-Template/ros2_ws/install/interfaces/include/interfaces/interfaces/msg
[4.878s] -- Up-to-date: /ROS2-Template/ros2_ws/install/interfaces/include/interfaces/interfaces/msg/detail
[4.878s] -- Installing: /ROS2-Template/ros2_ws/install/interfaces/include/interfaces/interfaces/msg/detail/example__type_support.cpp
[4.879s] -- Installing: /ROS2-Template/ros2_ws/install/interfaces/include/interfaces/interfaces/msg/detail/example__rosidl_typesupport_introspection_cpp.hpp
[4.879s] -- Up-to-date: /ROS2-Template/ros2_ws/install/interfaces/include/interfaces/interfaces/action
[4.879s] -- Up-to-date: /ROS2-Template/ros2_ws/install/interfaces/include/interfaces/interfaces/action/detail
[4.879s] -- Installing: /ROS2-Template/ros2_ws/install/interfaces/include/interfaces/interfaces/action/detail/example__type_support.cpp
[4.879s] -- Installing: /ROS2-Template/ros2_ws/install/interfaces/include/interfaces/interfaces/action/detail/example__rosidl_typesupport_introspection_cpp.hpp
[4.880s] -- Installing: /ROS2-Template/ros2_ws/install/interfaces/lib/libinterfaces__rosidl_typesupport_introspection_cpp.so
[4.880s] -- Set runtime path of "/ROS2-Template/ros2_ws/install/interfaces/lib/libinterfaces__rosidl_typesupport_introspection_cpp.so" to ""
[4.881s] -- Installing: /ROS2-Template/ros2_ws/install/interfaces/lib/libinterfaces__rosidl_typesupport_cpp.so
[4.881s] -- Set runtime path of "/ROS2-Template/ros2_ws/install/interfaces/lib/libinterfaces__rosidl_typesupport_cpp.so" to ""
[4.881s] -- Installing: /ROS2-Template/ros2_ws/install/interfaces/share/interfaces/environment/pythonpath.sh
[4.882s] -- Installing: /ROS2-Template/ros2_ws/install/interfaces/share/interfaces/environment/pythonpath.dsv
[4.882s] -- Installing: /ROS2-Template/ros2_ws/install/interfaces/local/lib/python3.10/dist-packages/interfaces-0.0.0-py3.10.egg-info
[4.884s] -- Installing: /ROS2-Template/ros2_ws/install/interfaces/local/lib/python3.10/dist-packages/interfaces-0.0.0-py3.10.egg-info/SOURCES.txt
[4.884s] -- Installing: /ROS2-Template/ros2_ws/install/interfaces/local/lib/python3.10/dist-packages/interfaces-0.0.0-py3.10.egg-info/dependency_links.txt
[4.884s] -- Installing: /ROS2-Template/ros2_ws/install/interfaces/local/lib/python3.10/dist-packages/interfaces-0.0.0-py3.10.egg-info/PKG-INFO
[4.884s] -- Installing: /ROS2-Template/ros2_ws/install/interfaces/local/lib/python3.10/dist-packages/interfaces-0.0.0-py3.10.egg-info/top_level.txt
[4.885s] -- Installing: /ROS2-Template/ros2_ws/install/interfaces/local/lib/python3.10/dist-packages/interfaces
[4.885s] -- Installing: /ROS2-Template/ros2_ws/install/interfaces/local/lib/python3.10/dist-packages/interfaces/_interfaces_s.ep.rosidl_typesupport_fastrtps_c.c
[4.885s] -- Installing: /ROS2-Template/ros2_ws/install/interfaces/local/lib/python3.10/dist-packages/interfaces/_interfaces_s.ep.rosidl_typesupport_introspection_c.c
[4.886s] -- Installing: /ROS2-Template/ros2_ws/install/interfaces/local/lib/python3.10/dist-packages/interfaces/srv
[4.886s] -- Installing: /ROS2-Template/ros2_ws/install/interfaces/local/lib/python3.10/dist-packages/interfaces/srv/__init__.py
[4.887s] -- Installing: /ROS2-Template/ros2_ws/install/interfaces/local/lib/python3.10/dist-packages/interfaces/srv/_example.py
[4.887s] -- Installing: /ROS2-Template/ros2_ws/install/interfaces/local/lib/python3.10/dist-packages/interfaces/srv/_example_s.c
[4.887s] -- Installing: /ROS2-Template/ros2_ws/install/interfaces/local/lib/python3.10/dist-packages/interfaces/interfaces_s__rosidl_typesupport_introspection_c.cpython-310-x86_64-linux-gnu.so
[4.888s] -- Installing: /ROS2-Template/ros2_ws/install/interfaces/local/lib/python3.10/dist-packages/interfaces/msg
[4.888s] -- Installing: /ROS2-Template/ros2_ws/install/interfaces/local/lib/python3.10/dist-packages/interfaces/msg/__init__.py
[4.888s] -- Installing: /ROS2-Template/ros2_ws/install/interfaces/local/lib/python3.10/dist-packages/interfaces/msg/_example.py
[4.888s] -- Installing: /ROS2-Template/ros2_ws/install/interfaces/local/lib/python3.10/dist-packages/interfaces/msg/_example_s.c
[4.889s] -- Installing: /ROS2-Template/ros2_ws/install/interfaces/local/lib/python3.10/dist-packages/interfaces/interfaces_s__rosidl_typesupport_c.cpython-310-x86_64-linux-gnu.so
[4.889s] -- Installing: /ROS2-Template/ros2_ws/install/interfaces/local/lib/python3.10/dist-packages/interfaces/action
[4.890s] -- Installing: /ROS2-Template/ros2_ws/install/interfaces/local/lib/python3.10/dist-packages/interfaces/action/__init__.py
[4.890s] -- Installing: /ROS2-Template/ros2_ws/install/interfaces/local/lib/python3.10/dist-packages/interfaces/action/_example.py
[4.890s] -- Installing: /ROS2-Template/ros2_ws/install/interfaces/local/lib/python3.10/dist-packages/interfaces/action/_example_s.c
[4.891s] -- Installing: /ROS2-Template/ros2_ws/install/interfaces/local/lib/python3.10/dist-packages/interfaces/__init__.py
[4.891s] -- Installing: /ROS2-Template/ros2_ws/install/interfaces/local/lib/python3.10/dist-packages/interfaces/_interfaces_s.ep.rosidl_typesupport_c.c
[4.891s] -- Installing: /ROS2-Template/ros2_ws/install/interfaces/local/lib/python3.10/dist-packages/interfaces/libinterfaces__rosidl_generator_py.so
[4.891s] -- Installing: /ROS2-Template/ros2_ws/install/interfaces/local/lib/python3.10/dist-packages/interfaces/interfaces_s__rosidl_typesupport_fastrtps_c.cpython-310-x86_64-linux-gnu.so
[4.929s] Listing '/ROS2-Template/ros2_ws/install/interfaces/local/lib/python3.10/dist-packages/interfaces'...
[4.929s] Compiling '/ROS2-Template/ros2_ws/install/interfaces/local/lib/python3.10/dist-packages/interfaces/__init__.py'...
[4.929s] Listing '/ROS2-Template/ros2_ws/install/interfaces/local/lib/python3.10/dist-packages/interfaces/action'...
[4.929s] Compiling '/ROS2-Template/ros2_ws/install/interfaces/local/lib/python3.10/dist-packages/interfaces/action/__init__.py'...
[4.929s] Compiling '/ROS2-Template/ros2_ws/install/interfaces/local/lib/python3.10/dist-packages/interfaces/action/_example.py'...
[4.929s] Listing '/ROS2-Template/ros2_ws/install/interfaces/local/lib/python3.10/dist-packages/interfaces/msg'...
[4.929s] Compiling '/ROS2-Template/ros2_ws/install/interfaces/local/lib/python3.10/dist-packages/interfaces/msg/__init__.py'...
[4.929s] Compiling '/ROS2-Template/ros2_ws/install/interfaces/local/lib/python3.10/dist-packages/interfaces/msg/_example.py'...
[4.929s] Listing '/ROS2-Template/ros2_ws/install/interfaces/local/lib/python3.10/dist-packages/interfaces/srv'...
[4.929s] Compiling '/ROS2-Template/ros2_ws/install/interfaces/local/lib/python3.10/dist-packages/interfaces/srv/__init__.py'...
[4.929s] Compiling '/ROS2-Template/ros2_ws/install/interfaces/local/lib/python3.10/dist-packages/interfaces/srv/_example.py'...
[4.933s] -- Installing: /ROS2-Template/ros2_ws/install/interfaces/local/lib/python3.10/dist-packages/interfaces/interfaces_s__rosidl_typesupport_fastrtps_c.cpython-310-x86_64-linux-gnu.so
[4.934s] -- Set runtime path of "/ROS2-Template/ros2_ws/install/interfaces/local/lib/python3.10/dist-packages/interfaces/interfaces_s__rosidl_typesupport_fastrtps_c.cpython-310-x86_64-linux-gnu.so" to ""
[4.934s] -- Installing: /ROS2-Template/ros2_ws/install/interfaces/local/lib/python3.10/dist-packages/interfaces/interfaces_s__rosidl_typesupport_introspection_c.cpython-310-x86_64-linux-gnu.so
[4.935s] -- Set runtime path of "/ROS2-Template/ros2_ws/install/interfaces/local/lib/python3.10/dist-packages/interfaces/interfaces_s__rosidl_typesupport_introspection_c.cpython-310-x86_64-linux-gnu.so" to ""
[4.935s] -- Installing: /ROS2-Template/ros2_ws/install/interfaces/local/lib/python3.10/dist-packages/interfaces/interfaces_s__rosidl_typesupport_c.cpython-310-x86_64-linux-gnu.so
[4.936s] -- Set runtime path of "/ROS2-Template/ros2_ws/install/interfaces/local/lib/python3.10/dist-packages/interfaces/interfaces_s__rosidl_typesupport_c.cpython-310-x86_64-linux-gnu.so" to ""
[4.936s] -- Installing: /ROS2-Template/ros2_ws/install/interfaces/lib/libinterfaces__rosidl_generator_py.so
[4.936s] -- Set runtime path of "/ROS2-Template/ros2_ws/install/interfaces/lib/libinterfaces__rosidl_generator_py.so" to ""
[4.937s] -- Installing: /ROS2-Template/ros2_ws/install/interfaces/share/interfaces/msg/Example.idl
[4.937s] -- Installing: /ROS2-Template/ros2_ws/install/interfaces/share/interfaces/srv/Example.idl
[4.938s] -- Installing: /ROS2-Template/ros2_ws/install/interfaces/share/interfaces/action/Example.idl
[4.938s] -- Installing: /ROS2-Template/ros2_ws/install/interfaces/share/interfaces/msg/Example.msg
[4.939s] -- Installing: /ROS2-Template/ros2_ws/install/interfaces/share/interfaces/srv/Example.srv
[4.939s] -- Installing: /ROS2-Template/ros2_ws/install/interfaces/share/interfaces/srv/Example_Request.msg
[4.939s] -- Installing: /ROS2-Template/ros2_ws/install/interfaces/share/interfaces/srv/Example_Response.msg
[4.939s] -- Installing: /ROS2-Template/ros2_ws/install/interfaces/share/interfaces/action/Example.action
[4.940s] -- Installing: /ROS2-Template/ros2_ws/install/interfaces/share/ament_index/resource_index/package_run_dependencies/interfaces
[4.941s] -- Installing: /ROS2-Template/ros2_ws/install/interfaces/share/ament_index/resource_index/parent_prefix_path/interfaces
[4.941s] -- Installing: /ROS2-Template/ros2_ws/install/interfaces/share/interfaces/environment/ament_prefix_path.sh
[4.941s] -- Installing: /ROS2-Template/ros2_ws/install/interfaces/share/interfaces/environment/ament_prefix_path.dsv
[4.942s] -- Installing: /ROS2-Template/ros2_ws/install/interfaces/share/interfaces/environment/path.sh
[4.942s] -- Installing: /ROS2-Template/ros2_ws/install/interfaces/share/interfaces/environment/path.dsv
[4.942s] -- Installing: /ROS2-Template/ros2_ws/install/interfaces/share/interfaces/local_setup.bash
[4.942s] -- Installing: /ROS2-Template/ros2_ws/install/interfaces/share/interfaces/local_setup.sh
[4.943s] -- Installing: /ROS2-Template/ros2_ws/install/interfaces/share/interfaces/local_setup.zsh
[4.943s] -- Installing: /ROS2-Template/ros2_ws/install/interfaces/share/interfaces/local_setup.dsv
[4.943s] -- Installing: /ROS2-Template/ros2_ws/install/interfaces/share/interfaces/package.dsv
[4.944s] -- Installing: /ROS2-Template/ros2_ws/install/interfaces/share/ament_index/resource_index/packages/interfaces
[4.945s] -- Installing: /ROS2-Template/ros2_ws/install/interfaces/share/interfaces/cmake/export_interfaces__rosidl_generator_cExport.cmake
[4.945s] -- Installing: /ROS2-Template/ros2_ws/install/interfaces/share/interfaces/cmake/export_interfaces__rosidl_generator_cExport-noconfig.cmake
[4.945s] -- Installing: /ROS2-Template/ros2_ws/install/interfaces/share/interfaces/cmake/export_interfaces__rosidl_typesupport_fastrtps_cExport.cmake
[4.945s] -- Installing: /ROS2-Template/ros2_ws/install/interfaces/share/interfaces/cmake/export_interfaces__rosidl_typesupport_fastrtps_cExport-noconfig.cmake
[4.946s] -- Installing: /ROS2-Template/ros2_ws/install/interfaces/share/interfaces/cmake/interfaces__rosidl_typesupport_introspection_cExport.cmake
[4.946s] -- Installing: /ROS2-Template/ros2_ws/install/interfaces/share/interfaces/cmake/interfaces__rosidl_typesupport_introspection_cExport-noconfig.cmake
[4.946s] -- Installing: /ROS2-Template/ros2_ws/install/interfaces/share/interfaces/cmake/interfaces__rosidl_typesupport_cExport.cmake
[4.947s] -- Installing: /ROS2-Template/ros2_ws/install/interfaces/share/interfaces/cmake/interfaces__rosidl_typesupport_cExport-noconfig.cmake
[4.947s] -- Installing: /ROS2-Template/ros2_ws/install/interfaces/share/interfaces/cmake/export_interfaces__rosidl_generator_cppExport.cmake
[4.947s] -- Installing: /ROS2-Template/ros2_ws/install/interfaces/share/interfaces/cmake/export_interfaces__rosidl_typesupport_fastrtps_cppExport.cmake
[4.948s] -- Installing: /ROS2-Template/ros2_ws/install/interfaces/share/interfaces/cmake/export_interfaces__rosidl_typesupport_fastrtps_cppExport-noconfig.cmake
[4.948s] -- Installing: /ROS2-Template/ros2_ws/install/interfaces/share/interfaces/cmake/interfaces__rosidl_typesupport_introspection_cppExport.cmake
[4.948s] -- Installing: /ROS2-Template/ros2_ws/install/interfaces/share/interfaces/cmake/interfaces__rosidl_typesupport_introspection_cppExport-noconfig.cmake
[4.949s] -- Installing: /ROS2-Template/ros2_ws/install/interfaces/share/interfaces/cmake/interfaces__rosidl_typesupport_cppExport.cmake
[4.949s] -- Installing: /ROS2-Template/ros2_ws/install/interfaces/share/interfaces/cmake/interfaces__rosidl_typesupport_cppExport-noconfig.cmake
[4.949s] -- Installing: /ROS2-Template/ros2_ws/install/interfaces/share/interfaces/cmake/export_interfaces__rosidl_generator_pyExport.cmake
[4.950s] -- Installing: /ROS2-Template/ros2_ws/install/interfaces/share/interfaces/cmake/export_interfaces__rosidl_generator_pyExport-noconfig.cmake
[4.950s] -- Installing: /ROS2-Template/ros2_ws/install/interfaces/share/interfaces/cmake/rosidl_cmake-extras.cmake
[4.950s] -- Installing: /ROS2-Template/ros2_ws/install/interfaces/share/interfaces/cmake/ament_cmake_export_dependencies-extras.cmake
[4.951s] -- Installing: /ROS2-Template/ros2_ws/install/interfaces/share/interfaces/cmake/ament_cmake_export_include_directories-extras.cmake
[4.951s] -- Installing: /ROS2-Template/ros2_ws/install/interfaces/share/interfaces/cmake/ament_cmake_export_libraries-extras.cmake
[4.951s] -- Installing: /ROS2-Template/ros2_ws/install/interfaces/share/interfaces/cmake/ament_cmake_export_targets-extras.cmake
[4.951s] -- Installing: /ROS2-Template/ros2_ws/install/interfaces/share/interfaces/cmake/rosidl_cmake_export_typesupport_targets-extras.cmake
[4.952s] -- Installing: /ROS2-Template/ros2_ws/install/interfaces/share/interfaces/cmake/rosidl_cmake_export_typesupport_libraries-extras.cmake
[4.952s] -- Installing: /ROS2-Template/ros2_ws/install/interfaces/share/interfaces/cmake/interfacesConfig.cmake
[4.952s] -- Installing: /ROS2-Template/ros2_ws/install/interfaces/share/interfaces/cmake/interfacesConfig-version.cmake
[4.953s] -- Installing: /ROS2-Template/ros2_ws/install/interfaces/share/interfaces/package.xml
[4.956s] Invoked command in '/ROS2-Template/ros2_ws/build/interfaces' returned '0': CMAKE_PREFIX_PATH=/opt/ros/humble /usr/bin/cmake --install /ROS2-Template/ros2_ws/build/interfaces
