[0.495s] Invoking command in '/ROS2-Template/ros2_ws/src/example_python': PYTHONPATH=/ROS2-Template/ros2_ws/build/example_python/prefix_override:/usr/lib/python3/dist-packages/colcon_core/task/python/colcon_distutils_commands:/ROS2-Template/ros2_ws/install/example_python/lib/python3.10/site-packages:${PYTHONPATH} /usr/bin/python3 -W ignore:setup.py install is deprecated -W ignore:easy_install command is deprecated setup.py egg_info --egg-base ../../build/example_python build --build-base /ROS2-Template/ros2_ws/build/example_python/build install --record /ROS2-Template/ros2_ws/build/example_python/install.log --single-version-externally-managed install_data
[0.662s] running egg_info
[0.662s] writing ../../build/example_python/example_python.egg-info/PKG-INFO
[0.663s] writing dependency_links to ../../build/example_python/example_python.egg-info/dependency_links.txt
[0.663s] writing entry points to ../../build/example_python/example_python.egg-info/entry_points.txt
[0.663s] writing requirements to ../../build/example_python/example_python.egg-info/requires.txt
[0.663s] writing top-level names to ../../build/example_python/example_python.egg-info/top_level.txt
[0.664s] reading manifest file '../../build/example_python/example_python.egg-info/SOURCES.txt'
[0.665s] adding license file 'LICENSE'
[0.665s] writing manifest file '../../build/example_python/example_python.egg-info/SOURCES.txt'
[0.666s] running build
[0.666s] running build_py
[0.666s] running install
[0.666s] running install_lib
[0.667s] running install_data
[0.667s] running install_egg_info
[0.668s] removing '/ROS2-Template/ros2_ws/install/example_python/lib/python3.10/site-packages/example_python-0.0.0-py3.10.egg-info' (and everything under it)
[0.669s] Copying ../../build/example_python/example_python.egg-info to /ROS2-Template/ros2_ws/install/example_python/lib/python3.10/site-packages/example_python-0.0.0-py3.10.egg-info
[0.671s] running install_scripts
[0.686s] writing list of installed files to '/ROS2-Template/ros2_ws/build/example_python/install.log'
[0.707s] Invoked command in '/ROS2-Template/ros2_ws/src/example_python' returned '0': PYTHONPATH=/ROS2-Template/ros2_ws/build/example_python/prefix_override:/usr/lib/python3/dist-packages/colcon_core/task/python/colcon_distutils_commands:/ROS2-Template/ros2_ws/install/example_python/lib/python3.10/site-packages:${PYTHONPATH} /usr/bin/python3 -W ignore:setup.py install is deprecated -W ignore:easy_install command is deprecated setup.py egg_info --egg-base ../../build/example_python build --build-base /ROS2-Template/ros2_ws/build/example_python/build install --record /ROS2-Template/ros2_ws/build/example_python/install.log --single-version-externally-managed install_data
