running egg_info
creating ../../build/python/python.egg-info
writing ../../build/python/python.egg-info/PKG-INFO
writing dependency_links to ../../build/python/python.egg-info/dependency_links.txt
writing entry points to ../../build/python/python.egg-info/entry_points.txt
writing requirements to ../../build/python/python.egg-info/requires.txt
writing top-level names to ../../build/python/python.egg-info/top_level.txt
writing manifest file '../../build/python/python.egg-info/SOURCES.txt'
reading manifest file '../../build/python/python.egg-info/SOURCES.txt'
adding license file 'LICENSE'
writing manifest file '../../build/python/python.egg-info/SOURCES.txt'
running build
running build_py
creating /ROS2-Template/ros2_ws/build/python/build
creating /ROS2-Template/ros2_ws/build/python/build/lib
creating /ROS2-Template/ros2_ws/build/python/build/lib/python
copying python/__init__.py -> /ROS2-Template/ros2_ws/build/python/build/lib/python
running install
running install_lib
creating /ROS2-Template/ros2_ws/install/python/lib/python3.10/site-packages/python
copying /ROS2-Template/ros2_ws/build/python/build/lib/python/__init__.py -> /ROS2-Template/ros2_ws/install/python/lib/python3.10/site-packages/python
byte-compiling /ROS2-Template/ros2_ws/install/python/lib/python3.10/site-packages/python/__init__.py to __init__.cpython-310.pyc
running install_data
creating /ROS2-Template/ros2_ws/install/python/share/ament_index
creating /ROS2-Template/ros2_ws/install/python/share/ament_index/resource_index
creating /ROS2-Template/ros2_ws/install/python/share/ament_index/resource_index/packages
copying resource/python -> /ROS2-Template/ros2_ws/install/python/share/ament_index/resource_index/packages
copying package.xml -> /ROS2-Template/ros2_ws/install/python/share/python
running install_egg_info
Copying ../../build/python/python.egg-info to /ROS2-Template/ros2_ws/install/python/lib/python3.10/site-packages/python-0.0.0-py3.10.egg-info
running install_scripts
writing list of installed files to '/ROS2-Template/ros2_ws/build/python/install.log'
