[0.192s] DEBUG:colcon:Command line arguments: ['/usr/bin/colcon', 'build']
[0.192s] DEBUG:colcon:Parsed command line arguments: Namespace(log_base=None, log_level=None, verb_name='build', build_base='build', install_base='install', merge_install=False, symlink_install=False, test_result_base=None, continue_on_error=False, executor='parallel', parallel_workers=12, event_handlers=None, ignore_user_meta=False, metas=['./colcon.meta'], base_paths=['.'], packages_ignore=None, packages_ignore_regex=None, paths=None, packages_up_to=None, packages_up_to_regex=None, packages_above=None, packages_above_and_dependencies=None, packages_above_depth=None, packages_select_by_dep=None, packages_skip_by_dep=None, packages_skip_up_to=None, packages_select_build_failed=False, packages_skip_build_finished=False, packages_select_test_failures=False, packages_skip_test_passed=False, packages_select=None, packages_skip=None, packages_select_regex=None, packages_skip_regex=None, packages_start=None, packages_end=None, cmake_args=None, cmake_target=None, cmake_target_skip_unavailable=False, cmake_clean_cache=False, cmake_clean_first=False, cmake_force_configure=False, ament_cmake_args=None, catkin_cmake_args=None, catkin_skip_building_tests=False, mixin_files=None, mixin=None, verb_parser=<colcon_mixin.mixin.mixin_argument.MixinArgumentDecorator object at 0x7be65972f910>, verb_extension=<colcon_core.verb.build.BuildVerb object at 0x7be65972f2e0>, main=<bound method BuildVerb.main of <colcon_core.verb.build.BuildVerb object at 0x7be65972f2e0>>, mixin_verb=('build',))
[0.419s] Level 1:colcon.colcon_core.package_discovery:discover_packages(colcon_meta) check parameters
[0.420s] INFO:colcon.colcon_metadata.package_discovery.colcon_meta:Using configuration from '/root/.colcon/metadata/default/Gazebo.meta'
[0.421s] INFO:colcon.colcon_metadata.package_discovery.colcon_meta:Using configuration from '/root/.colcon/metadata/default/fastdds.meta'
[0.422s] INFO:colcon.colcon_metadata.package_discovery.colcon_meta:Using configuration from '/root/.colcon/metadata/default/fastrtps.meta'
[0.422s] Level 1:colcon.colcon_core.package_discovery:discover_packages(recursive) check parameters
[0.422s] Level 1:colcon.colcon_core.package_discovery:discover_packages(ignore) check parameters
[0.422s] Level 1:colcon.colcon_core.package_discovery:discover_packages(path) check parameters
[0.422s] Level 1:colcon.colcon_core.package_discovery:discover_packages(colcon_meta) discover
[0.422s] Level 1:colcon.colcon_core.package_discovery:discover_packages(recursive) discover
[0.422s] INFO:colcon.colcon_core.package_discovery:Crawling recursively for packages in '/ROS2-Template/ros2_ws'
[0.422s] Level 1:colcon.colcon_core.package_identification:_identify(.) by extensions ['ignore', 'ignore_ament_install']
[0.422s] Level 1:colcon.colcon_core.package_identification:_identify(.) by extension 'ignore'
[0.422s] Level 1:colcon.colcon_core.package_identification:_identify(.) by extension 'ignore_ament_install'
[0.422s] Level 1:colcon.colcon_core.package_identification:_identify(.) by extensions ['colcon_pkg']
[0.422s] Level 1:colcon.colcon_core.package_identification:_identify(.) by extension 'colcon_pkg'
[0.422s] Level 1:colcon.colcon_core.package_identification:_identify(.) by extensions ['colcon_meta']
[0.422s] Level 1:colcon.colcon_core.package_identification:_identify(.) by extension 'colcon_meta'
[0.422s] Level 1:colcon.colcon_core.package_identification:_identify(.) by extensions ['ros']
[0.422s] Level 1:colcon.colcon_core.package_identification:_identify(.) by extension 'ros'
[0.435s] Level 1:colcon.colcon_core.package_identification:_identify(.) by extensions ['cmake', 'python']
[0.435s] Level 1:colcon.colcon_core.package_identification:_identify(.) by extension 'cmake'
[0.435s] Level 1:colcon.colcon_core.package_identification:_identify(.) by extension 'python'
[0.435s] Level 1:colcon.colcon_core.package_identification:_identify(.) by extensions ['python_setup_py']
[0.435s] Level 1:colcon.colcon_core.package_identification:_identify(.) by extension 'python_setup_py'
[0.435s] Level 1:colcon.colcon_core.package_identification:_identify(build) by extensions ['ignore', 'ignore_ament_install']
[0.435s] Level 1:colcon.colcon_core.package_identification:_identify(build) by extension 'ignore'
[0.435s] Level 1:colcon.colcon_core.package_identification:_identify(build) ignored
[0.436s] Level 1:colcon.colcon_core.package_identification:_identify(install) by extensions ['ignore', 'ignore_ament_install']
[0.436s] Level 1:colcon.colcon_core.package_identification:_identify(install) by extension 'ignore'
[0.436s] Level 1:colcon.colcon_core.package_identification:_identify(install) ignored
[0.436s] Level 1:colcon.colcon_core.package_identification:_identify(log) by extensions ['ignore', 'ignore_ament_install']
[0.436s] Level 1:colcon.colcon_core.package_identification:_identify(log) by extension 'ignore'
[0.436s] Level 1:colcon.colcon_core.package_identification:_identify(log) ignored
[0.436s] Level 1:colcon.colcon_core.package_identification:_identify(src) by extensions ['ignore', 'ignore_ament_install']
[0.436s] Level 1:colcon.colcon_core.package_identification:_identify(src) by extension 'ignore'
[0.436s] Level 1:colcon.colcon_core.package_identification:_identify(src) by extension 'ignore_ament_install'
[0.436s] Level 1:colcon.colcon_core.package_identification:_identify(src) by extensions ['colcon_pkg']
[0.436s] Level 1:colcon.colcon_core.package_identification:_identify(src) by extension 'colcon_pkg'
[0.436s] Level 1:colcon.colcon_core.package_identification:_identify(src) by extensions ['colcon_meta']
[0.436s] Level 1:colcon.colcon_core.package_identification:_identify(src) by extension 'colcon_meta'
[0.436s] Level 1:colcon.colcon_core.package_identification:_identify(src) by extensions ['ros']
[0.436s] Level 1:colcon.colcon_core.package_identification:_identify(src) by extension 'ros'
[0.436s] Level 1:colcon.colcon_core.package_identification:_identify(src) by extensions ['cmake', 'python']
[0.436s] Level 1:colcon.colcon_core.package_identification:_identify(src) by extension 'cmake'
[0.436s] Level 1:colcon.colcon_core.package_identification:_identify(src) by extension 'python'
[0.437s] Level 1:colcon.colcon_core.package_identification:_identify(src) by extensions ['python_setup_py']
[0.437s] Level 1:colcon.colcon_core.package_identification:_identify(src) by extension 'python_setup_py'
[0.437s] Level 1:colcon.colcon_core.package_identification:_identify(src/cpp) by extensions ['ignore', 'ignore_ament_install']
[0.437s] Level 1:colcon.colcon_core.package_identification:_identify(src/cpp) by extension 'ignore'
[0.437s] Level 1:colcon.colcon_core.package_identification:_identify(src/cpp) by extension 'ignore_ament_install'
[0.437s] Level 1:colcon.colcon_core.package_identification:_identify(src/cpp) by extensions ['colcon_pkg']
[0.437s] Level 1:colcon.colcon_core.package_identification:_identify(src/cpp) by extension 'colcon_pkg'
[0.437s] Level 1:colcon.colcon_core.package_identification:_identify(src/cpp) by extensions ['colcon_meta']
[0.437s] Level 1:colcon.colcon_core.package_identification:_identify(src/cpp) by extension 'colcon_meta'
[0.437s] Level 1:colcon.colcon_core.package_identification:_identify(src/cpp) by extensions ['ros']
[0.437s] Level 1:colcon.colcon_core.package_identification:_identify(src/cpp) by extension 'ros'
[0.440s] DEBUG:colcon.colcon_core.package_identification:Package 'src/cpp' with type 'ros.ament_cmake' and name 'cpp'
[0.440s] Level 1:colcon.colcon_core.package_identification:_identify(src/interfaces) by extensions ['ignore', 'ignore_ament_install']
[0.440s] Level 1:colcon.colcon_core.package_identification:_identify(src/interfaces) by extension 'ignore'
[0.440s] Level 1:colcon.colcon_core.package_identification:_identify(src/interfaces) by extension 'ignore_ament_install'
[0.440s] Level 1:colcon.colcon_core.package_identification:_identify(src/interfaces) by extensions ['colcon_pkg']
[0.440s] Level 1:colcon.colcon_core.package_identification:_identify(src/interfaces) by extension 'colcon_pkg'
[0.440s] Level 1:colcon.colcon_core.package_identification:_identify(src/interfaces) by extensions ['colcon_meta']
[0.440s] Level 1:colcon.colcon_core.package_identification:_identify(src/interfaces) by extension 'colcon_meta'
[0.440s] Level 1:colcon.colcon_core.package_identification:_identify(src/interfaces) by extensions ['ros']
[0.440s] Level 1:colcon.colcon_core.package_identification:_identify(src/interfaces) by extension 'ros'
[0.441s] DEBUG:colcon.colcon_core.package_identification:Package 'src/interfaces' with type 'ros.ament_cmake' and name 'interfaces'
[0.441s] Level 1:colcon.colcon_core.package_identification:_identify(src/python) by extensions ['ignore', 'ignore_ament_install']
[0.441s] Level 1:colcon.colcon_core.package_identification:_identify(src/python) by extension 'ignore'
[0.441s] Level 1:colcon.colcon_core.package_identification:_identify(src/python) by extension 'ignore_ament_install'
[0.441s] Level 1:colcon.colcon_core.package_identification:_identify(src/python) by extensions ['colcon_pkg']
[0.441s] Level 1:colcon.colcon_core.package_identification:_identify(src/python) by extension 'colcon_pkg'
[0.441s] Level 1:colcon.colcon_core.package_identification:_identify(src/python) by extensions ['colcon_meta']
[0.441s] Level 1:colcon.colcon_core.package_identification:_identify(src/python) by extension 'colcon_meta'
[0.441s] Level 1:colcon.colcon_core.package_identification:_identify(src/python) by extensions ['ros']
[0.441s] Level 1:colcon.colcon_core.package_identification:_identify(src/python) by extension 'ros'
[0.442s] DEBUG:colcon.colcon_core.package_identification:Package 'src/python' with type 'ros.ament_python' and name 'python'
[0.442s] Level 1:colcon.colcon_core.package_discovery:discover_packages(recursive) using defaults
[0.442s] Level 1:colcon.colcon_core.package_discovery:discover_packages(ignore) discover
[0.442s] Level 1:colcon.colcon_core.package_discovery:discover_packages(ignore) using defaults
[0.442s] Level 1:colcon.colcon_core.package_discovery:discover_packages(path) discover
[0.442s] Level 1:colcon.colcon_core.package_discovery:discover_packages(path) using defaults
[0.466s] Level 5:colcon.colcon_core.verb:set package 'cpp' build argument 'cmake_args' from command line to 'None'
[0.466s] Level 5:colcon.colcon_core.verb:set package 'cpp' build argument 'cmake_target' from command line to 'None'
[0.466s] Level 5:colcon.colcon_core.verb:set package 'cpp' build argument 'cmake_target_skip_unavailable' from command line to 'False'
[0.466s] Level 5:colcon.colcon_core.verb:set package 'cpp' build argument 'cmake_clean_cache' from command line to 'False'
[0.466s] Level 5:colcon.colcon_core.verb:set package 'cpp' build argument 'cmake_clean_first' from command line to 'False'
[0.466s] Level 5:colcon.colcon_core.verb:set package 'cpp' build argument 'cmake_force_configure' from command line to 'False'
[0.466s] Level 5:colcon.colcon_core.verb:set package 'cpp' build argument 'ament_cmake_args' from command line to 'None'
[0.466s] Level 5:colcon.colcon_core.verb:set package 'cpp' build argument 'catkin_cmake_args' from command line to 'None'
[0.466s] Level 5:colcon.colcon_core.verb:set package 'cpp' build argument 'catkin_skip_building_tests' from command line to 'False'
[0.466s] DEBUG:colcon.colcon_core.verb:Building package 'cpp' with the following arguments: {'ament_cmake_args': None, 'build_base': '/ROS2-Template/ros2_ws/build/cpp', 'catkin_cmake_args': None, 'catkin_skip_building_tests': False, 'cmake_args': None, 'cmake_clean_cache': False, 'cmake_clean_first': False, 'cmake_force_configure': False, 'cmake_target': None, 'cmake_target_skip_unavailable': False, 'install_base': '/ROS2-Template/ros2_ws/install/cpp', 'merge_install': False, 'path': '/ROS2-Template/ros2_ws/src/cpp', 'symlink_install': False, 'test_result_base': None}
[0.466s] Level 5:colcon.colcon_core.verb:set package 'interfaces' build argument 'cmake_args' from command line to 'None'
[0.466s] Level 5:colcon.colcon_core.verb:set package 'interfaces' build argument 'cmake_target' from command line to 'None'
[0.466s] Level 5:colcon.colcon_core.verb:set package 'interfaces' build argument 'cmake_target_skip_unavailable' from command line to 'False'
[0.466s] Level 5:colcon.colcon_core.verb:set package 'interfaces' build argument 'cmake_clean_cache' from command line to 'False'
[0.466s] Level 5:colcon.colcon_core.verb:set package 'interfaces' build argument 'cmake_clean_first' from command line to 'False'
[0.466s] Level 5:colcon.colcon_core.verb:set package 'interfaces' build argument 'cmake_force_configure' from command line to 'False'
[0.466s] Level 5:colcon.colcon_core.verb:set package 'interfaces' build argument 'ament_cmake_args' from command line to 'None'
[0.466s] Level 5:colcon.colcon_core.verb:set package 'interfaces' build argument 'catkin_cmake_args' from command line to 'None'
[0.466s] Level 5:colcon.colcon_core.verb:set package 'interfaces' build argument 'catkin_skip_building_tests' from command line to 'False'
[0.466s] DEBUG:colcon.colcon_core.verb:Building package 'interfaces' with the following arguments: {'ament_cmake_args': None, 'build_base': '/ROS2-Template/ros2_ws/build/interfaces', 'catkin_cmake_args': None, 'catkin_skip_building_tests': False, 'cmake_args': None, 'cmake_clean_cache': False, 'cmake_clean_first': False, 'cmake_force_configure': False, 'cmake_target': None, 'cmake_target_skip_unavailable': False, 'install_base': '/ROS2-Template/ros2_ws/install/interfaces', 'merge_install': False, 'path': '/ROS2-Template/ros2_ws/src/interfaces', 'symlink_install': False, 'test_result_base': None}
[0.466s] Level 5:colcon.colcon_core.verb:set package 'python' build argument 'cmake_args' from command line to 'None'
[0.466s] Level 5:colcon.colcon_core.verb:set package 'python' build argument 'cmake_target' from command line to 'None'
[0.466s] Level 5:colcon.colcon_core.verb:set package 'python' build argument 'cmake_target_skip_unavailable' from command line to 'False'
[0.466s] Level 5:colcon.colcon_core.verb:set package 'python' build argument 'cmake_clean_cache' from command line to 'False'
[0.466s] Level 5:colcon.colcon_core.verb:set package 'python' build argument 'cmake_clean_first' from command line to 'False'
[0.466s] Level 5:colcon.colcon_core.verb:set package 'python' build argument 'cmake_force_configure' from command line to 'False'
[0.467s] Level 5:colcon.colcon_core.verb:set package 'python' build argument 'ament_cmake_args' from command line to 'None'
[0.467s] Level 5:colcon.colcon_core.verb:set package 'python' build argument 'catkin_cmake_args' from command line to 'None'
[0.467s] Level 5:colcon.colcon_core.verb:set package 'python' build argument 'catkin_skip_building_tests' from command line to 'False'
[0.467s] DEBUG:colcon.colcon_core.verb:Building package 'python' with the following arguments: {'ament_cmake_args': None, 'build_base': '/ROS2-Template/ros2_ws/build/python', 'catkin_cmake_args': None, 'catkin_skip_building_tests': False, 'cmake_args': None, 'cmake_clean_cache': False, 'cmake_clean_first': False, 'cmake_force_configure': False, 'cmake_target': None, 'cmake_target_skip_unavailable': False, 'install_base': '/ROS2-Template/ros2_ws/install/python', 'merge_install': False, 'path': '/ROS2-Template/ros2_ws/src/python', 'symlink_install': False, 'test_result_base': None}
[0.467s] INFO:colcon.colcon_core.executor:Executing jobs using 'parallel' executor
[0.468s] DEBUG:colcon.colcon_parallel_executor.executor.parallel:run_until_complete
[0.468s] INFO:colcon.colcon_ros.task.ament_cmake.build:Building ROS package in '/ROS2-Template/ros2_ws/src/cpp' with build type 'ament_cmake'
[0.468s] INFO:colcon.colcon_cmake.task.cmake.build:Building CMake package in '/ROS2-Template/ros2_ws/src/cpp'
[0.473s] INFO:colcon.colcon_core.plugin_system:Skipping extension 'colcon_core.shell.bat': Not used on non-Windows systems
[0.473s] INFO:colcon.colcon_core.shell:Skip shell extension 'powershell' for command environment: Not usable outside of PowerShell
[0.473s] DEBUG:colcon.colcon_core.shell:Skip shell extension 'dsv' for command environment
[0.480s] INFO:colcon.colcon_ros.task.ament_cmake.build:Building ROS package in '/ROS2-Template/ros2_ws/src/interfaces' with build type 'ament_cmake'
[0.480s] INFO:colcon.colcon_cmake.task.cmake.build:Building CMake package in '/ROS2-Template/ros2_ws/src/interfaces'
[0.481s] INFO:colcon.colcon_core.shell:Skip shell extension 'powershell' for command environment: Not usable outside of PowerShell
[0.481s] DEBUG:colcon.colcon_core.shell:Skip shell extension 'dsv' for command environment
[0.484s] INFO:colcon.colcon_ros.task.ament_python.build:Building ROS package in '/ROS2-Template/ros2_ws/src/python' with build type 'ament_python'
[0.484s] Level 1:colcon.colcon_core.shell:create_environment_hook('python', 'ament_prefix_path')
[0.484s] INFO:colcon.colcon_core.shell:Creating environment hook '/ROS2-Template/ros2_ws/install/python/share/python/hook/ament_prefix_path.ps1'
[0.485s] INFO:colcon.colcon_core.shell:Creating environment descriptor '/ROS2-Template/ros2_ws/install/python/share/python/hook/ament_prefix_path.dsv'
[0.486s] INFO:colcon.colcon_core.shell:Creating environment hook '/ROS2-Template/ros2_ws/install/python/share/python/hook/ament_prefix_path.sh'
[0.487s] INFO:colcon.colcon_core.shell:Skip shell extension 'powershell' for command environment: Not usable outside of PowerShell
[0.487s] DEBUG:colcon.colcon_core.shell:Skip shell extension 'dsv' for command environment
[0.496s] DEBUG:colcon.colcon_core.event_handler.log_command:Invoking command in '/ROS2-Template/ros2_ws/build/cpp': CMAKE_PREFIX_PATH=/opt/ros/humble /usr/bin/cmake --build /ROS2-Template/ros2_ws/build/cpp -- -j12 -l12
[0.504s] DEBUG:colcon.colcon_core.event_handler.log_command:Invoking command in '/ROS2-Template/ros2_ws/build/interfaces': CMAKE_PREFIX_PATH=/opt/ros/humble /usr/bin/cmake /ROS2-Template/ros2_ws/src/interfaces -DCMAKE_INSTALL_PREFIX=/ROS2-Template/ros2_ws/install/interfaces
[0.712s] INFO:colcon.colcon_core.task.python.build:Building Python package in '/ROS2-Template/ros2_ws/src/python'
[0.713s] INFO:colcon.colcon_core.shell:Skip shell extension 'powershell' for command environment: Not usable outside of PowerShell
[0.713s] DEBUG:colcon.colcon_core.shell:Skip shell extension 'dsv' for command environment
[0.717s] DEBUG:colcon.colcon_core.event_handler.log_command:Invoked command in '/ROS2-Template/ros2_ws/build/cpp' returned '0': CMAKE_PREFIX_PATH=/opt/ros/humble /usr/bin/cmake --build /ROS2-Template/ros2_ws/build/cpp -- -j12 -l12
[0.729s] DEBUG:colcon.colcon_core.event_handler.log_command:Invoking command in '/ROS2-Template/ros2_ws/build/cpp': CMAKE_PREFIX_PATH=/opt/ros/humble /usr/bin/cmake --install /ROS2-Template/ros2_ws/build/cpp
[0.742s] Level 1:colcon.colcon_core.environment:create_environment_scripts_only(cpp)
[0.742s] DEBUG:colcon.colcon_core.event_handler.log_command:Invoked command in '/ROS2-Template/ros2_ws/build/cpp' returned '0': CMAKE_PREFIX_PATH=/opt/ros/humble /usr/bin/cmake --install /ROS2-Template/ros2_ws/build/cpp
[0.747s] Level 1:colcon.colcon_core.environment:checking '/ROS2-Template/ros2_ws/install/cpp' for CMake module files
[0.749s] Level 1:colcon.colcon_core.environment:checking '/ROS2-Template/ros2_ws/install/cpp' for CMake config files
[0.750s] Level 1:colcon.colcon_core.shell:create_environment_hook('cpp', 'cmake_prefix_path')
[0.750s] INFO:colcon.colcon_core.shell:Creating environment hook '/ROS2-Template/ros2_ws/install/cpp/share/cpp/hook/cmake_prefix_path.ps1'
[0.751s] INFO:colcon.colcon_core.shell:Creating environment descriptor '/ROS2-Template/ros2_ws/install/cpp/share/cpp/hook/cmake_prefix_path.dsv'
[0.751s] INFO:colcon.colcon_core.shell:Creating environment hook '/ROS2-Template/ros2_ws/install/cpp/share/cpp/hook/cmake_prefix_path.sh'
[0.752s] Level 1:colcon.colcon_core.environment:checking '/ROS2-Template/ros2_ws/install/cpp/bin'
[0.752s] Level 1:colcon.colcon_core.environment:checking '/ROS2-Template/ros2_ws/install/cpp/lib/pkgconfig/cpp.pc'
[0.752s] Level 1:colcon.colcon_core.environment:checking '/ROS2-Template/ros2_ws/install/cpp/lib/python3.10/site-packages'
[0.752s] Level 1:colcon.colcon_core.environment:checking '/ROS2-Template/ros2_ws/install/cpp/bin'
[0.752s] INFO:colcon.colcon_core.shell:Creating package script '/ROS2-Template/ros2_ws/install/cpp/share/cpp/package.ps1'
[0.753s] INFO:colcon.colcon_core.shell:Creating package descriptor '/ROS2-Template/ros2_ws/install/cpp/share/cpp/package.dsv'
[0.753s] INFO:colcon.colcon_core.shell:Creating package script '/ROS2-Template/ros2_ws/install/cpp/share/cpp/package.sh'
[0.754s] INFO:colcon.colcon_core.shell:Creating package script '/ROS2-Template/ros2_ws/install/cpp/share/cpp/package.bash'
[0.755s] INFO:colcon.colcon_core.shell:Creating package script '/ROS2-Template/ros2_ws/install/cpp/share/cpp/package.zsh'
[0.755s] Level 1:colcon.colcon_core.environment:create_file_with_runtime_dependencies(/ROS2-Template/ros2_ws/install/cpp/share/colcon-core/packages/cpp)
[0.756s] Level 1:colcon.colcon_core.environment:create_environment_scripts_only(cpp)
[0.756s] Level 1:colcon.colcon_core.environment:checking '/ROS2-Template/ros2_ws/install/cpp' for CMake module files
[0.756s] Level 1:colcon.colcon_core.environment:checking '/ROS2-Template/ros2_ws/install/cpp' for CMake config files
[0.757s] Level 1:colcon.colcon_core.shell:create_environment_hook('cpp', 'cmake_prefix_path')
[0.757s] INFO:colcon.colcon_core.shell:Creating environment hook '/ROS2-Template/ros2_ws/install/cpp/share/cpp/hook/cmake_prefix_path.ps1'
[0.757s] INFO:colcon.colcon_core.shell:Creating environment descriptor '/ROS2-Template/ros2_ws/install/cpp/share/cpp/hook/cmake_prefix_path.dsv'
[0.757s] INFO:colcon.colcon_core.shell:Creating environment hook '/ROS2-Template/ros2_ws/install/cpp/share/cpp/hook/cmake_prefix_path.sh'
[0.758s] Level 1:colcon.colcon_core.environment:checking '/ROS2-Template/ros2_ws/install/cpp/bin'
[0.758s] Level 1:colcon.colcon_core.environment:checking '/ROS2-Template/ros2_ws/install/cpp/lib/pkgconfig/cpp.pc'
[0.758s] Level 1:colcon.colcon_core.environment:checking '/ROS2-Template/ros2_ws/install/cpp/lib/python3.10/site-packages'
[0.758s] Level 1:colcon.colcon_core.environment:checking '/ROS2-Template/ros2_ws/install/cpp/bin'
[0.758s] INFO:colcon.colcon_core.shell:Creating package script '/ROS2-Template/ros2_ws/install/cpp/share/cpp/package.ps1'
[0.759s] INFO:colcon.colcon_core.shell:Creating package descriptor '/ROS2-Template/ros2_ws/install/cpp/share/cpp/package.dsv'
[0.759s] INFO:colcon.colcon_core.shell:Creating package script '/ROS2-Template/ros2_ws/install/cpp/share/cpp/package.sh'
[0.759s] INFO:colcon.colcon_core.shell:Creating package script '/ROS2-Template/ros2_ws/install/cpp/share/cpp/package.bash'
[0.760s] INFO:colcon.colcon_core.shell:Creating package script '/ROS2-Template/ros2_ws/install/cpp/share/cpp/package.zsh'
[0.760s] Level 1:colcon.colcon_core.environment:create_file_with_runtime_dependencies(/ROS2-Template/ros2_ws/install/cpp/share/colcon-core/packages/cpp)
[1.014s] DEBUG:colcon.colcon_core.event_handler.log_command:Invoking command in '/ROS2-Template/ros2_ws/src/python': PYTHONPATH=/ROS2-Template/ros2_ws/build/python/prefix_override:/usr/lib/python3/dist-packages/colcon_core/task/python/colcon_distutils_commands:/ROS2-Template/ros2_ws/install/python/lib/python3.10/site-packages:${PYTHONPATH} /usr/bin/python3 -W ignore:setup.py install is deprecated -W ignore:easy_install command is deprecated setup.py egg_info --egg-base ../../build/python build --build-base /ROS2-Template/ros2_ws/build/python/build install --record /ROS2-Template/ros2_ws/build/python/install.log --single-version-externally-managed install_data
[1.230s] Level 1:colcon.colcon_core.environment:checking '/ROS2-Template/ros2_ws/install/python' for CMake module files
[1.231s] DEBUG:colcon.colcon_core.event_handler.log_command:Invoked command in '/ROS2-Template/ros2_ws/src/python' returned '0': PYTHONPATH=/ROS2-Template/ros2_ws/build/python/prefix_override:/usr/lib/python3/dist-packages/colcon_core/task/python/colcon_distutils_commands:/ROS2-Template/ros2_ws/install/python/lib/python3.10/site-packages:${PYTHONPATH} /usr/bin/python3 -W ignore:setup.py install is deprecated -W ignore:easy_install command is deprecated setup.py egg_info --egg-base ../../build/python build --build-base /ROS2-Template/ros2_ws/build/python/build install --record /ROS2-Template/ros2_ws/build/python/install.log --single-version-externally-managed install_data
[1.231s] Level 1:colcon.colcon_core.environment:checking '/ROS2-Template/ros2_ws/install/python' for CMake config files
[1.235s] Level 1:colcon.colcon_core.environment:checking '/ROS2-Template/ros2_ws/install/python/lib'
[1.235s] Level 1:colcon.colcon_core.environment:checking '/ROS2-Template/ros2_ws/install/python/bin'
[1.235s] Level 1:colcon.colcon_core.environment:checking '/ROS2-Template/ros2_ws/install/python/lib/pkgconfig/python.pc'
[1.235s] Level 1:colcon.colcon_core.environment:checking '/ROS2-Template/ros2_ws/install/python/lib/python3.10/site-packages'
[1.235s] Level 1:colcon.colcon_core.shell:create_environment_hook('python', 'pythonpath')
[1.235s] INFO:colcon.colcon_core.shell:Creating environment hook '/ROS2-Template/ros2_ws/install/python/share/python/hook/pythonpath.ps1'
[1.236s] INFO:colcon.colcon_core.shell:Creating environment descriptor '/ROS2-Template/ros2_ws/install/python/share/python/hook/pythonpath.dsv'
[1.236s] INFO:colcon.colcon_core.shell:Creating environment hook '/ROS2-Template/ros2_ws/install/python/share/python/hook/pythonpath.sh'
[1.236s] Level 1:colcon.colcon_core.environment:checking '/ROS2-Template/ros2_ws/install/python/bin'
[1.236s] Level 1:colcon.colcon_core.environment:create_environment_scripts_only(python)
[1.236s] INFO:colcon.colcon_core.shell:Creating package script '/ROS2-Template/ros2_ws/install/python/share/python/package.ps1'
[1.237s] INFO:colcon.colcon_core.shell:Creating package descriptor '/ROS2-Template/ros2_ws/install/python/share/python/package.dsv'
[1.237s] INFO:colcon.colcon_core.shell:Creating package script '/ROS2-Template/ros2_ws/install/python/share/python/package.sh'
[1.237s] INFO:colcon.colcon_core.shell:Creating package script '/ROS2-Template/ros2_ws/install/python/share/python/package.bash'
[1.238s] INFO:colcon.colcon_core.shell:Creating package script '/ROS2-Template/ros2_ws/install/python/share/python/package.zsh'
[1.238s] Level 1:colcon.colcon_core.environment:create_file_with_runtime_dependencies(/ROS2-Template/ros2_ws/install/python/share/colcon-core/packages/python)
[1.349s] DEBUG:colcon.colcon_core.event_handler.log_command:Invoked command in '/ROS2-Template/ros2_ws/build/interfaces' returned '1': CMAKE_PREFIX_PATH=/opt/ros/humble /usr/bin/cmake /ROS2-Template/ros2_ws/src/interfaces -DCMAKE_INSTALL_PREFIX=/ROS2-Template/ros2_ws/install/interfaces
[1.363s] Level 1:colcon.colcon_core.environment:create_environment_scripts_only(interfaces)
[1.363s] Level 1:colcon.colcon_core.environment:checking '/ROS2-Template/ros2_ws/install/interfaces' for CMake module files
[1.363s] Level 1:colcon.colcon_core.environment:checking '/ROS2-Template/ros2_ws/install/interfaces' for CMake config files
[1.363s] Level 1:colcon.colcon_core.environment:checking '/ROS2-Template/ros2_ws/install/interfaces/bin'
[1.364s] Level 1:colcon.colcon_core.environment:checking '/ROS2-Template/ros2_ws/install/interfaces/lib/pkgconfig/interfaces.pc'
[1.364s] Level 1:colcon.colcon_core.environment:checking '/ROS2-Template/ros2_ws/install/interfaces/lib/python3.10/site-packages'
[1.364s] Level 1:colcon.colcon_core.environment:checking '/ROS2-Template/ros2_ws/install/interfaces/bin'
[1.364s] INFO:colcon.colcon_core.shell:Creating package script '/ROS2-Template/ros2_ws/install/interfaces/share/interfaces/package.ps1'
[1.366s] INFO:colcon.colcon_core.shell:Creating package descriptor '/ROS2-Template/ros2_ws/install/interfaces/share/interfaces/package.dsv'
[1.366s] INFO:colcon.colcon_core.shell:Creating package script '/ROS2-Template/ros2_ws/install/interfaces/share/interfaces/package.sh'
[1.366s] INFO:colcon.colcon_core.shell:Creating package script '/ROS2-Template/ros2_ws/install/interfaces/share/interfaces/package.bash'
[1.366s] INFO:colcon.colcon_core.shell:Creating package script '/ROS2-Template/ros2_ws/install/interfaces/share/interfaces/package.zsh'
[1.367s] Level 1:colcon.colcon_core.environment:create_file_with_runtime_dependencies(/ROS2-Template/ros2_ws/install/interfaces/share/colcon-core/packages/interfaces)
[1.378s] DEBUG:colcon.colcon_parallel_executor.executor.parallel:closing loop
[1.378s] DEBUG:colcon.colcon_parallel_executor.executor.parallel:loop closed
[1.378s] DEBUG:colcon.colcon_parallel_executor.executor.parallel:run_until_complete finished with '1'
[1.378s] DEBUG:colcon.colcon_core.event_reactor:joining thread
[1.388s] INFO:colcon.colcon_core.plugin_system:Skipping extension 'colcon_notification.desktop_notification.notify_send': Could not find 'notify-send'
[1.388s] INFO:colcon.colcon_core.plugin_system:Skipping extension 'colcon_notification.desktop_notification.terminal_notifier': Not used on non-Darwin systems
[1.388s] INFO:colcon.colcon_core.plugin_system:Skipping extension 'colcon_notification.desktop_notification.win32': Not used on non-Windows systems
[1.388s] INFO:colcon.colcon_notification.desktop_notification:Sending desktop notification using 'notify2'
[1.388s] DEBUG:colcon.colcon_notification.desktop_notification.notify2:Failed to initialize notify2: org.freedesktop.DBus.Error.NotSupported: Unable to autolaunch a dbus-daemon without a $DISPLAY for X11
[1.388s] DEBUG:colcon.colcon_core.event_reactor:joined thread
[1.389s] INFO:colcon.colcon_core.shell:Creating prefix script '/ROS2-Template/ros2_ws/install/local_setup.ps1'
[1.390s] INFO:colcon.colcon_core.shell:Creating prefix util module '/ROS2-Template/ros2_ws/install/_local_setup_util_ps1.py'
[1.391s] INFO:colcon.colcon_core.shell:Creating prefix chain script '/ROS2-Template/ros2_ws/install/setup.ps1'
[1.392s] INFO:colcon.colcon_core.shell:Creating prefix script '/ROS2-Template/ros2_ws/install/local_setup.sh'
[1.392s] INFO:colcon.colcon_core.shell:Creating prefix util module '/ROS2-Template/ros2_ws/install/_local_setup_util_sh.py'
[1.393s] INFO:colcon.colcon_core.shell:Creating prefix chain script '/ROS2-Template/ros2_ws/install/setup.sh'
[1.394s] INFO:colcon.colcon_core.shell:Creating prefix script '/ROS2-Template/ros2_ws/install/local_setup.bash'
[1.394s] INFO:colcon.colcon_core.shell:Creating prefix chain script '/ROS2-Template/ros2_ws/install/setup.bash'
[1.395s] INFO:colcon.colcon_core.shell:Creating prefix script '/ROS2-Template/ros2_ws/install/local_setup.zsh'
[1.396s] INFO:colcon.colcon_core.shell:Creating prefix chain script '/ROS2-Template/ros2_ws/install/setup.zsh'
