[0.027s] Invoking command in '/ROS2-Template/ros2_ws/build/cpp': CMAKE_PREFIX_PATH=/opt/ros/humble /usr/bin/cmake --build /ROS2-Template/ros2_ws/build/cpp -- -j12 -l12
[0.248s] Invoked command in '/ROS2-Template/ros2_ws/build/cpp' returned '0': CMAKE_PREFIX_PATH=/opt/ros/humble /usr/bin/cmake --build /ROS2-Template/ros2_ws/build/cpp -- -j12 -l12
[0.260s] Invoking command in '/ROS2-Template/ros2_ws/build/cpp': CMAKE_PREFIX_PATH=/opt/ros/humble /usr/bin/cmake --install /ROS2-Template/ros2_ws/build/cpp
[0.269s] -- Install configuration: ""
[0.269s] -- Up-to-date: /ROS2-Template/ros2_ws/install/cpp/share/ament_index/resource_index/package_run_dependencies/cpp
[0.270s] -- Up-to-date: /ROS2-Template/ros2_ws/install/cpp/share/ament_index/resource_index/parent_prefix_path/cpp
[0.270s] -- Up-to-date: /ROS2-Template/ros2_ws/install/cpp/share/cpp/environment/ament_prefix_path.sh
[0.270s] -- Up-to-date: /ROS2-Template/ros2_ws/install/cpp/share/cpp/environment/ament_prefix_path.dsv
[0.270s] -- Up-to-date: /ROS2-Template/ros2_ws/install/cpp/share/cpp/environment/path.sh
[0.270s] -- Up-to-date: /ROS2-Template/ros2_ws/install/cpp/share/cpp/environment/path.dsv
[0.270s] -- Up-to-date: /ROS2-Template/ros2_ws/install/cpp/share/cpp/local_setup.bash
[0.271s] -- Up-to-date: /ROS2-Template/ros2_ws/install/cpp/share/cpp/local_setup.sh
[0.271s] -- Up-to-date: /ROS2-Template/ros2_ws/install/cpp/share/cpp/local_setup.zsh
[0.271s] -- Up-to-date: /ROS2-Template/ros2_ws/install/cpp/share/cpp/local_setup.dsv
[0.271s] -- Up-to-date: /ROS2-Template/ros2_ws/install/cpp/share/cpp/package.dsv
[0.271s] -- Up-to-date: /ROS2-Template/ros2_ws/install/cpp/share/ament_index/resource_index/packages/cpp
[0.271s] -- Up-to-date: /ROS2-Template/ros2_ws/install/cpp/share/cpp/cmake/cppConfig.cmake
[0.272s] -- Up-to-date: /ROS2-Template/ros2_ws/install/cpp/share/cpp/cmake/cppConfig-version.cmake
[0.272s] -- Up-to-date: /ROS2-Template/ros2_ws/install/cpp/share/cpp/package.xml
[0.274s] Invoked command in '/ROS2-Template/ros2_ws/build/cpp' returned '0': CMAKE_PREFIX_PATH=/opt/ros/humble /usr/bin/cmake --install /ROS2-Template/ros2_ws/build/cpp
