running egg_info
creating ../../build/example_python/example_python.egg-info
writing ../../build/example_python/example_python.egg-info/PKG-INFO
writing dependency_links to ../../build/example_python/example_python.egg-info/dependency_links.txt
writing entry points to ../../build/example_python/example_python.egg-info/entry_points.txt
writing requirements to ../../build/example_python/example_python.egg-info/requires.txt
writing top-level names to ../../build/example_python/example_python.egg-info/top_level.txt
writing manifest file '../../build/example_python/example_python.egg-info/SOURCES.txt'
reading manifest file '../../build/example_python/example_python.egg-info/SOURCES.txt'
adding license file 'LICENSE'
writing manifest file '../../build/example_python/example_python.egg-info/SOURCES.txt'
running build
running build_py
creating /ROS2-Template/ros2_ws/build/example_python/build
creating /ROS2-Template/ros2_ws/build/example_python/build/lib
creating /ROS2-Template/ros2_ws/build/example_python/build/lib/example_python
copying example_python/__init__.py -> /ROS2-Template/ros2_ws/build/example_python/build/lib/example_python
running install
running install_lib
creating /ROS2-Template/ros2_ws/install/example_python/lib/python3.10/site-packages/example_python
copying /ROS2-Template/ros2_ws/build/example_python/build/lib/example_python/__init__.py -> /ROS2-Template/ros2_ws/install/example_python/lib/python3.10/site-packages/example_python
byte-compiling /ROS2-Template/ros2_ws/install/example_python/lib/python3.10/site-packages/example_python/__init__.py to __init__.cpython-310.pyc
running install_data
creating /ROS2-Template/ros2_ws/install/example_python/share/ament_index
creating /ROS2-Template/ros2_ws/install/example_python/share/ament_index/resource_index
creating /ROS2-Template/ros2_ws/install/example_python/share/ament_index/resource_index/packages
copying resource/example_python -> /ROS2-Template/ros2_ws/install/example_python/share/ament_index/resource_index/packages
copying package.xml -> /ROS2-Template/ros2_ws/install/example_python/share/example_python
running install_egg_info
Copying ../../build/example_python/example_python.egg-info to /ROS2-Template/ros2_ws/install/example_python/lib/python3.10/site-packages/example_python-0.0.0-py3.10.egg-info
running install_scripts
writing list of installed files to '/ROS2-Template/ros2_ws/build/example_python/install.log'
