[0.019s] Invoking command in '/ROS2-Template/ros2_ws/build/cpp': CMAKE_PREFIX_PATH=/opt/ros/humble /usr/bin/cmake /ROS2-Template/ros2_ws/src/cpp -DCMAKE_INSTALL_PREFIX=/ROS2-Template/ros2_ws/install/cpp
[0.081s] -- The C compiler identification is GNU 11.4.0
[0.139s] -- The CXX compiler identification is GNU 11.4.0
[0.146s] -- Detecting C compiler ABI info
[0.222s] -- Detecting C compiler ABI info - done
[0.226s] -- Check for working C compiler: /usr/bin/cc - skipped
[0.227s] -- Detecting C compile features
[0.227s] -- Detecting C compile features - done
[0.230s] -- Detecting CXX compiler ABI info
[0.316s] -- Detecting CXX compiler ABI info - done
[0.321s] -- Check for working CXX compiler: /usr/bin/c++ - skipped
[0.321s] -- Detecting CXX compile features
[0.321s] -- Detecting CXX compile features - done
[0.325s] -- Found ament_cmake: 1.3.12 (/opt/ros/humble/share/ament_cmake/cmake)
[0.449s] -- Found Python3: /usr/bin/python3 (found version "3.10.12") found components: Interpreter 
[0.535s] -- Found ament_lint_auto: 0.12.14 (/opt/ros/humble/share/ament_lint_auto/cmake)
[0.601s] -- Added test 'lint_cmake' to check CMake code style
[0.603s] -- Added test 'xmllint' to check XML markup files
[0.605s] -- Configuring done
[0.614s] -- Generating done
[0.617s] -- Build files have been written to: /ROS2-Template/ros2_ws/build/cpp
[0.624s] Invoked command in '/ROS2-Template/ros2_ws/build/cpp' returned '0': CMAKE_PREFIX_PATH=/opt/ros/humble /usr/bin/cmake /ROS2-Template/ros2_ws/src/cpp -DCMAKE_INSTALL_PREFIX=/ROS2-Template/ros2_ws/install/cpp
[0.627s] Invoking command in '/ROS2-Template/ros2_ws/build/cpp': CMAKE_PREFIX_PATH=/opt/ros/humble /usr/bin/cmake --build /ROS2-Template/ros2_ws/build/cpp -- -j12 -l12
[0.675s] Invoked command in '/ROS2-Template/ros2_ws/build/cpp' returned '0': CMAKE_PREFIX_PATH=/opt/ros/humble /usr/bin/cmake --build /ROS2-Template/ros2_ws/build/cpp -- -j12 -l12
[0.687s] Invoking command in '/ROS2-Template/ros2_ws/build/cpp': CMAKE_PREFIX_PATH=/opt/ros/humble /usr/bin/cmake --install /ROS2-Template/ros2_ws/build/cpp
[0.695s] -- Install configuration: ""
[0.697s] -- Installing: /ROS2-Template/ros2_ws/install/cpp/share/ament_index/resource_index/package_run_dependencies/cpp
[0.697s] -- Installing: /ROS2-Template/ros2_ws/install/cpp/share/ament_index/resource_index/parent_prefix_path/cpp
[0.698s] -- Installing: /ROS2-Template/ros2_ws/install/cpp/share/cpp/environment/ament_prefix_path.sh
[0.699s] -- Installing: /ROS2-Template/ros2_ws/install/cpp/share/cpp/environment/ament_prefix_path.dsv
[0.699s] -- Installing: /ROS2-Template/ros2_ws/install/cpp/share/cpp/environment/path.sh
[0.699s] -- Installing: /ROS2-Template/ros2_ws/install/cpp/share/cpp/environment/path.dsv
[0.699s] -- Installing: /ROS2-Template/ros2_ws/install/cpp/share/cpp/local_setup.bash
[0.700s] -- Installing: /ROS2-Template/ros2_ws/install/cpp/share/cpp/local_setup.sh
[0.700s] -- Installing: /ROS2-Template/ros2_ws/install/cpp/share/cpp/local_setup.zsh
[0.700s] -- Installing: /ROS2-Template/ros2_ws/install/cpp/share/cpp/local_setup.dsv
[0.701s] -- Installing: /ROS2-Template/ros2_ws/install/cpp/share/cpp/package.dsv
[0.701s] -- Installing: /ROS2-Template/ros2_ws/install/cpp/share/ament_index/resource_index/packages/cpp
[0.702s] -- Installing: /ROS2-Template/ros2_ws/install/cpp/share/cpp/cmake/cppConfig.cmake
[0.702s] -- Installing: /ROS2-Template/ros2_ws/install/cpp/share/cpp/cmake/cppConfig-version.cmake
[0.702s] -- Installing: /ROS2-Template/ros2_ws/install/cpp/share/cpp/package.xml
[0.705s] Invoked command in '/ROS2-Template/ros2_ws/build/cpp' returned '0': CMAKE_PREFIX_PATH=/opt/ros/humble /usr/bin/cmake --install /ROS2-Template/ros2_ws/build/cpp
