[0.183s] DEBUG:colcon:Command line arguments: ['/usr/bin/colcon', 'build']
[0.183s] DEBUG:colcon:Parsed command line arguments: Namespace(log_base=None, log_level=None, verb_name='build', build_base='build', install_base='install', merge_install=False, symlink_install=False, test_result_base=None, continue_on_error=False, executor='parallel', parallel_workers=12, event_handlers=None, ignore_user_meta=False, metas=['./colcon.meta'], base_paths=['.'], packages_ignore=None, packages_ignore_regex=None, paths=None, packages_up_to=None, packages_up_to_regex=None, packages_above=None, packages_above_and_dependencies=None, packages_above_depth=None, packages_select_by_dep=None, packages_skip_by_dep=None, packages_skip_up_to=None, packages_select_build_failed=False, packages_skip_build_finished=False, packages_select_test_failures=False, packages_skip_test_passed=False, packages_select=None, packages_skip=None, packages_select_regex=None, packages_skip_regex=None, packages_start=None, packages_end=None, cmake_args=None, cmake_target=None, cmake_target_skip_unavailable=False, cmake_clean_cache=False, cmake_clean_first=False, cmake_force_configure=False, ament_cmake_args=None, catkin_cmake_args=None, catkin_skip_building_tests=False, mixin_files=None, mixin=None, verb_parser=<colcon_mixin.mixin.mixin_argument.MixinArgumentDecorator object at 0x72fad73bb910>, verb_extension=<colcon_core.verb.build.BuildVerb object at 0x72fad73bb2e0>, main=<bound method BuildVerb.main of <colcon_core.verb.build.BuildVerb object at 0x72fad73bb2e0>>, mixin_verb=('build',))
[0.407s] Level 1:colcon.colcon_core.package_discovery:discover_packages(colcon_meta) check parameters
[0.408s] INFO:colcon.colcon_metadata.package_discovery.colcon_meta:Using configuration from '/root/.colcon/metadata/default/Gazebo.meta'
[0.409s] INFO:colcon.colcon_metadata.package_discovery.colcon_meta:Using configuration from '/root/.colcon/metadata/default/fastdds.meta'
[0.409s] INFO:colcon.colcon_metadata.package_discovery.colcon_meta:Using configuration from '/root/.colcon/metadata/default/fastrtps.meta'
[0.410s] Level 1:colcon.colcon_core.package_discovery:discover_packages(recursive) check parameters
[0.410s] Level 1:colcon.colcon_core.package_discovery:discover_packages(ignore) check parameters
[0.410s] Level 1:colcon.colcon_core.package_discovery:discover_packages(path) check parameters
[0.410s] Level 1:colcon.colcon_core.package_discovery:discover_packages(colcon_meta) discover
[0.410s] Level 1:colcon.colcon_core.package_discovery:discover_packages(recursive) discover
[0.410s] INFO:colcon.colcon_core.package_discovery:Crawling recursively for packages in '/ROS2-Template/ros2_ws'
[0.410s] Level 1:colcon.colcon_core.package_identification:_identify(.) by extensions ['ignore', 'ignore_ament_install']
[0.410s] Level 1:colcon.colcon_core.package_identification:_identify(.) by extension 'ignore'
[0.410s] Level 1:colcon.colcon_core.package_identification:_identify(.) by extension 'ignore_ament_install'
[0.410s] Level 1:colcon.colcon_core.package_identification:_identify(.) by extensions ['colcon_pkg']
[0.410s] Level 1:colcon.colcon_core.package_identification:_identify(.) by extension 'colcon_pkg'
[0.410s] Level 1:colcon.colcon_core.package_identification:_identify(.) by extensions ['colcon_meta']
[0.410s] Level 1:colcon.colcon_core.package_identification:_identify(.) by extension 'colcon_meta'
[0.410s] Level 1:colcon.colcon_core.package_identification:_identify(.) by extensions ['ros']
[0.410s] Level 1:colcon.colcon_core.package_identification:_identify(.) by extension 'ros'
[0.423s] Level 1:colcon.colcon_core.package_identification:_identify(.) by extensions ['cmake', 'python']
[0.423s] Level 1:colcon.colcon_core.package_identification:_identify(.) by extension 'cmake'
[0.423s] Level 1:colcon.colcon_core.package_identification:_identify(.) by extension 'python'
[0.423s] Level 1:colcon.colcon_core.package_identification:_identify(.) by extensions ['python_setup_py']
[0.423s] Level 1:colcon.colcon_core.package_identification:_identify(.) by extension 'python_setup_py'
[0.424s] Level 1:colcon.colcon_core.package_identification:_identify(build) by extensions ['ignore', 'ignore_ament_install']
[0.424s] Level 1:colcon.colcon_core.package_identification:_identify(build) by extension 'ignore'
[0.424s] Level 1:colcon.colcon_core.package_identification:_identify(build) ignored
[0.424s] Level 1:colcon.colcon_core.package_identification:_identify(install) by extensions ['ignore', 'ignore_ament_install']
[0.424s] Level 1:colcon.colcon_core.package_identification:_identify(install) by extension 'ignore'
[0.424s] Level 1:colcon.colcon_core.package_identification:_identify(install) ignored
[0.424s] Level 1:colcon.colcon_core.package_identification:_identify(log) by extensions ['ignore', 'ignore_ament_install']
[0.425s] Level 1:colcon.colcon_core.package_identification:_identify(log) by extension 'ignore'
[0.425s] Level 1:colcon.colcon_core.package_identification:_identify(log) ignored
[0.425s] Level 1:colcon.colcon_core.package_identification:_identify(src) by extensions ['ignore', 'ignore_ament_install']
[0.425s] Level 1:colcon.colcon_core.package_identification:_identify(src) by extension 'ignore'
[0.425s] Level 1:colcon.colcon_core.package_identification:_identify(src) by extension 'ignore_ament_install'
[0.425s] Level 1:colcon.colcon_core.package_identification:_identify(src) by extensions ['colcon_pkg']
[0.425s] Level 1:colcon.colcon_core.package_identification:_identify(src) by extension 'colcon_pkg'
[0.425s] Level 1:colcon.colcon_core.package_identification:_identify(src) by extensions ['colcon_meta']
[0.425s] Level 1:colcon.colcon_core.package_identification:_identify(src) by extension 'colcon_meta'
[0.425s] Level 1:colcon.colcon_core.package_identification:_identify(src) by extensions ['ros']
[0.425s] Level 1:colcon.colcon_core.package_identification:_identify(src) by extension 'ros'
[0.425s] Level 1:colcon.colcon_core.package_identification:_identify(src) by extensions ['cmake', 'python']
[0.425s] Level 1:colcon.colcon_core.package_identification:_identify(src) by extension 'cmake'
[0.425s] Level 1:colcon.colcon_core.package_identification:_identify(src) by extension 'python'
[0.425s] Level 1:colcon.colcon_core.package_identification:_identify(src) by extensions ['python_setup_py']
[0.425s] Level 1:colcon.colcon_core.package_identification:_identify(src) by extension 'python_setup_py'
[0.425s] Level 1:colcon.colcon_core.package_identification:_identify(src/example_cpp) by extensions ['ignore', 'ignore_ament_install']
[0.426s] Level 1:colcon.colcon_core.package_identification:_identify(src/example_cpp) by extension 'ignore'
[0.426s] Level 1:colcon.colcon_core.package_identification:_identify(src/example_cpp) by extension 'ignore_ament_install'
[0.426s] Level 1:colcon.colcon_core.package_identification:_identify(src/example_cpp) by extensions ['colcon_pkg']
[0.426s] Level 1:colcon.colcon_core.package_identification:_identify(src/example_cpp) by extension 'colcon_pkg'
[0.426s] Level 1:colcon.colcon_core.package_identification:_identify(src/example_cpp) by extensions ['colcon_meta']
[0.426s] Level 1:colcon.colcon_core.package_identification:_identify(src/example_cpp) by extension 'colcon_meta'
[0.426s] Level 1:colcon.colcon_core.package_identification:_identify(src/example_cpp) by extensions ['ros']
[0.426s] Level 1:colcon.colcon_core.package_identification:_identify(src/example_cpp) by extension 'ros'
[0.428s] DEBUG:colcon.colcon_core.package_identification:Package 'src/example_cpp' with type 'ros.ament_cmake' and name 'example_cpp'
[0.429s] Level 1:colcon.colcon_core.package_identification:_identify(src/example_python) by extensions ['ignore', 'ignore_ament_install']
[0.429s] Level 1:colcon.colcon_core.package_identification:_identify(src/example_python) by extension 'ignore'
[0.429s] Level 1:colcon.colcon_core.package_identification:_identify(src/example_python) by extension 'ignore_ament_install'
[0.429s] Level 1:colcon.colcon_core.package_identification:_identify(src/example_python) by extensions ['colcon_pkg']
[0.429s] Level 1:colcon.colcon_core.package_identification:_identify(src/example_python) by extension 'colcon_pkg'
[0.429s] Level 1:colcon.colcon_core.package_identification:_identify(src/example_python) by extensions ['colcon_meta']
[0.429s] Level 1:colcon.colcon_core.package_identification:_identify(src/example_python) by extension 'colcon_meta'
[0.429s] Level 1:colcon.colcon_core.package_identification:_identify(src/example_python) by extensions ['ros']
[0.429s] Level 1:colcon.colcon_core.package_identification:_identify(src/example_python) by extension 'ros'
[0.430s] DEBUG:colcon.colcon_core.package_identification:Package 'src/example_python' with type 'ros.ament_python' and name 'example_python'
[0.430s] Level 1:colcon.colcon_core.package_identification:_identify(src/interfaces) by extensions ['ignore', 'ignore_ament_install']
[0.430s] Level 1:colcon.colcon_core.package_identification:_identify(src/interfaces) by extension 'ignore'
[0.430s] Level 1:colcon.colcon_core.package_identification:_identify(src/interfaces) by extension 'ignore_ament_install'
[0.430s] Level 1:colcon.colcon_core.package_identification:_identify(src/interfaces) by extensions ['colcon_pkg']
[0.430s] Level 1:colcon.colcon_core.package_identification:_identify(src/interfaces) by extension 'colcon_pkg'
[0.430s] Level 1:colcon.colcon_core.package_identification:_identify(src/interfaces) by extensions ['colcon_meta']
[0.430s] Level 1:colcon.colcon_core.package_identification:_identify(src/interfaces) by extension 'colcon_meta'
[0.430s] Level 1:colcon.colcon_core.package_identification:_identify(src/interfaces) by extensions ['ros']
[0.430s] Level 1:colcon.colcon_core.package_identification:_identify(src/interfaces) by extension 'ros'
[0.430s] DEBUG:colcon.colcon_core.package_identification:Package 'src/interfaces' with type 'ros.ament_cmake' and name 'interfaces'
[0.430s] Level 1:colcon.colcon_core.package_discovery:discover_packages(recursive) using defaults
[0.430s] Level 1:colcon.colcon_core.package_discovery:discover_packages(ignore) discover
[0.430s] Level 1:colcon.colcon_core.package_discovery:discover_packages(ignore) using defaults
[0.430s] Level 1:colcon.colcon_core.package_discovery:discover_packages(path) discover
[0.431s] Level 1:colcon.colcon_core.package_discovery:discover_packages(path) using defaults
[0.455s] Level 5:colcon.colcon_core.verb:set package 'example_cpp' build argument 'cmake_args' from command line to 'None'
[0.455s] Level 5:colcon.colcon_core.verb:set package 'example_cpp' build argument 'cmake_target' from command line to 'None'
[0.455s] Level 5:colcon.colcon_core.verb:set package 'example_cpp' build argument 'cmake_target_skip_unavailable' from command line to 'False'
[0.455s] Level 5:colcon.colcon_core.verb:set package 'example_cpp' build argument 'cmake_clean_cache' from command line to 'False'
[0.455s] Level 5:colcon.colcon_core.verb:set package 'example_cpp' build argument 'cmake_clean_first' from command line to 'False'
[0.455s] Level 5:colcon.colcon_core.verb:set package 'example_cpp' build argument 'cmake_force_configure' from command line to 'False'
[0.455s] Level 5:colcon.colcon_core.verb:set package 'example_cpp' build argument 'ament_cmake_args' from command line to 'None'
[0.455s] Level 5:colcon.colcon_core.verb:set package 'example_cpp' build argument 'catkin_cmake_args' from command line to 'None'
[0.455s] Level 5:colcon.colcon_core.verb:set package 'example_cpp' build argument 'catkin_skip_building_tests' from command line to 'False'
[0.455s] DEBUG:colcon.colcon_core.verb:Building package 'example_cpp' with the following arguments: {'ament_cmake_args': None, 'build_base': '/ROS2-Template/ros2_ws/build/example_cpp', 'catkin_cmake_args': None, 'catkin_skip_building_tests': False, 'cmake_args': None, 'cmake_clean_cache': False, 'cmake_clean_first': False, 'cmake_force_configure': False, 'cmake_target': None, 'cmake_target_skip_unavailable': False, 'install_base': '/ROS2-Template/ros2_ws/install/example_cpp', 'merge_install': False, 'path': '/ROS2-Template/ros2_ws/src/example_cpp', 'symlink_install': False, 'test_result_base': None}
[0.455s] Level 5:colcon.colcon_core.verb:set package 'example_python' build argument 'cmake_args' from command line to 'None'
[0.455s] Level 5:colcon.colcon_core.verb:set package 'example_python' build argument 'cmake_target' from command line to 'None'
[0.455s] Level 5:colcon.colcon_core.verb:set package 'example_python' build argument 'cmake_target_skip_unavailable' from command line to 'False'
[0.455s] Level 5:colcon.colcon_core.verb:set package 'example_python' build argument 'cmake_clean_cache' from command line to 'False'
[0.455s] Level 5:colcon.colcon_core.verb:set package 'example_python' build argument 'cmake_clean_first' from command line to 'False'
[0.455s] Level 5:colcon.colcon_core.verb:set package 'example_python' build argument 'cmake_force_configure' from command line to 'False'
[0.455s] Level 5:colcon.colcon_core.verb:set package 'example_python' build argument 'ament_cmake_args' from command line to 'None'
[0.455s] Level 5:colcon.colcon_core.verb:set package 'example_python' build argument 'catkin_cmake_args' from command line to 'None'
[0.455s] Level 5:colcon.colcon_core.verb:set package 'example_python' build argument 'catkin_skip_building_tests' from command line to 'False'
[0.455s] DEBUG:colcon.colcon_core.verb:Building package 'example_python' with the following arguments: {'ament_cmake_args': None, 'build_base': '/ROS2-Template/ros2_ws/build/example_python', 'catkin_cmake_args': None, 'catkin_skip_building_tests': False, 'cmake_args': None, 'cmake_clean_cache': False, 'cmake_clean_first': False, 'cmake_force_configure': False, 'cmake_target': None, 'cmake_target_skip_unavailable': False, 'install_base': '/ROS2-Template/ros2_ws/install/example_python', 'merge_install': False, 'path': '/ROS2-Template/ros2_ws/src/example_python', 'symlink_install': False, 'test_result_base': None}
[0.456s] Level 5:colcon.colcon_core.verb:set package 'interfaces' build argument 'cmake_args' from command line to 'None'
[0.456s] Level 5:colcon.colcon_core.verb:set package 'interfaces' build argument 'cmake_target' from command line to 'None'
[0.456s] Level 5:colcon.colcon_core.verb:set package 'interfaces' build argument 'cmake_target_skip_unavailable' from command line to 'False'
[0.456s] Level 5:colcon.colcon_core.verb:set package 'interfaces' build argument 'cmake_clean_cache' from command line to 'False'
[0.456s] Level 5:colcon.colcon_core.verb:set package 'interfaces' build argument 'cmake_clean_first' from command line to 'False'
[0.456s] Level 5:colcon.colcon_core.verb:set package 'interfaces' build argument 'cmake_force_configure' from command line to 'False'
[0.456s] Level 5:colcon.colcon_core.verb:set package 'interfaces' build argument 'ament_cmake_args' from command line to 'None'
[0.456s] Level 5:colcon.colcon_core.verb:set package 'interfaces' build argument 'catkin_cmake_args' from command line to 'None'
[0.456s] Level 5:colcon.colcon_core.verb:set package 'interfaces' build argument 'catkin_skip_building_tests' from command line to 'False'
[0.456s] DEBUG:colcon.colcon_core.verb:Building package 'interfaces' with the following arguments: {'ament_cmake_args': None, 'build_base': '/ROS2-Template/ros2_ws/build/interfaces', 'catkin_cmake_args': None, 'catkin_skip_building_tests': False, 'cmake_args': None, 'cmake_clean_cache': False, 'cmake_clean_first': False, 'cmake_force_configure': False, 'cmake_target': None, 'cmake_target_skip_unavailable': False, 'install_base': '/ROS2-Template/ros2_ws/install/interfaces', 'merge_install': False, 'path': '/ROS2-Template/ros2_ws/src/interfaces', 'symlink_install': False, 'test_result_base': None}
[0.456s] INFO:colcon.colcon_core.executor:Executing jobs using 'parallel' executor
[0.457s] DEBUG:colcon.colcon_parallel_executor.executor.parallel:run_until_complete
[0.457s] INFO:colcon.colcon_ros.task.ament_cmake.build:Building ROS package in '/ROS2-Template/ros2_ws/src/example_cpp' with build type 'ament_cmake'
[0.457s] INFO:colcon.colcon_cmake.task.cmake.build:Building CMake package in '/ROS2-Template/ros2_ws/src/example_cpp'
[0.462s] INFO:colcon.colcon_core.plugin_system:Skipping extension 'colcon_core.shell.bat': Not used on non-Windows systems
[0.462s] INFO:colcon.colcon_core.shell:Skip shell extension 'powershell' for command environment: Not usable outside of PowerShell
[0.462s] DEBUG:colcon.colcon_core.shell:Skip shell extension 'dsv' for command environment
[0.470s] INFO:colcon.colcon_ros.task.ament_python.build:Building ROS package in '/ROS2-Template/ros2_ws/src/example_python' with build type 'ament_python'
[0.470s] Level 1:colcon.colcon_core.shell:create_environment_hook('example_python', 'ament_prefix_path')
[0.470s] INFO:colcon.colcon_core.shell:Creating environment hook '/ROS2-Template/ros2_ws/install/example_python/share/example_python/hook/ament_prefix_path.ps1'
[0.471s] INFO:colcon.colcon_core.shell:Creating environment descriptor '/ROS2-Template/ros2_ws/install/example_python/share/example_python/hook/ament_prefix_path.dsv'
[0.472s] INFO:colcon.colcon_core.shell:Creating environment hook '/ROS2-Template/ros2_ws/install/example_python/share/example_python/hook/ament_prefix_path.sh'
[0.472s] INFO:colcon.colcon_core.shell:Skip shell extension 'powershell' for command environment: Not usable outside of PowerShell
[0.472s] DEBUG:colcon.colcon_core.shell:Skip shell extension 'dsv' for command environment
[0.475s] INFO:colcon.colcon_ros.task.ament_cmake.build:Building ROS package in '/ROS2-Template/ros2_ws/src/interfaces' with build type 'ament_cmake'
[0.476s] INFO:colcon.colcon_cmake.task.cmake.build:Building CMake package in '/ROS2-Template/ros2_ws/src/interfaces'
[0.476s] INFO:colcon.colcon_core.shell:Skip shell extension 'powershell' for command environment: Not usable outside of PowerShell
[0.476s] DEBUG:colcon.colcon_core.shell:Skip shell extension 'dsv' for command environment
[0.485s] DEBUG:colcon.colcon_core.event_handler.log_command:Invoking command in '/ROS2-Template/ros2_ws/build/example_cpp': CMAKE_PREFIX_PATH=/opt/ros/humble /usr/bin/cmake --build /ROS2-Template/ros2_ws/build/example_cpp -- -j12 -l12
[0.673s] INFO:colcon.colcon_core.task.python.build:Building Python package in '/ROS2-Template/ros2_ws/src/example_python'
[0.673s] INFO:colcon.colcon_core.shell:Skip shell extension 'powershell' for command environment: Not usable outside of PowerShell
[0.673s] DEBUG:colcon.colcon_core.shell:Skip shell extension 'dsv' for command environment
[0.681s] DEBUG:colcon.colcon_core.event_handler.log_command:Invoking command in '/ROS2-Template/ros2_ws/build/interfaces': CMAKE_PREFIX_PATH=/opt/ros/humble /usr/bin/cmake /ROS2-Template/ros2_ws/src/interfaces -DCMAKE_INSTALL_PREFIX=/ROS2-Template/ros2_ws/install/interfaces
[0.681s] DEBUG:colcon.colcon_core.event_handler.log_command:Invoked command in '/ROS2-Template/ros2_ws/build/example_cpp' returned '0': CMAKE_PREFIX_PATH=/opt/ros/humble /usr/bin/cmake --build /ROS2-Template/ros2_ws/build/example_cpp -- -j12 -l12
[0.692s] DEBUG:colcon.colcon_core.event_handler.log_command:Invoking command in '/ROS2-Template/ros2_ws/build/example_cpp': CMAKE_PREFIX_PATH=/opt/ros/humble /usr/bin/cmake --install /ROS2-Template/ros2_ws/build/example_cpp
[0.703s] Level 1:colcon.colcon_core.environment:create_environment_scripts_only(example_cpp)
[0.704s] DEBUG:colcon.colcon_core.event_handler.log_command:Invoked command in '/ROS2-Template/ros2_ws/build/example_cpp' returned '0': CMAKE_PREFIX_PATH=/opt/ros/humble /usr/bin/cmake --install /ROS2-Template/ros2_ws/build/example_cpp
[0.708s] Level 1:colcon.colcon_core.environment:checking '/ROS2-Template/ros2_ws/install/example_cpp' for CMake module files
[0.709s] Level 1:colcon.colcon_core.environment:checking '/ROS2-Template/ros2_ws/install/example_cpp' for CMake config files
[0.711s] Level 1:colcon.colcon_core.shell:create_environment_hook('example_cpp', 'cmake_prefix_path')
[0.712s] INFO:colcon.colcon_core.shell:Creating environment hook '/ROS2-Template/ros2_ws/install/example_cpp/share/example_cpp/hook/cmake_prefix_path.ps1'
[0.712s] INFO:colcon.colcon_core.shell:Creating environment descriptor '/ROS2-Template/ros2_ws/install/example_cpp/share/example_cpp/hook/cmake_prefix_path.dsv'
[0.712s] INFO:colcon.colcon_core.shell:Creating environment hook '/ROS2-Template/ros2_ws/install/example_cpp/share/example_cpp/hook/cmake_prefix_path.sh'
[0.713s] Level 1:colcon.colcon_core.environment:checking '/ROS2-Template/ros2_ws/install/example_cpp/bin'
[0.713s] Level 1:colcon.colcon_core.environment:checking '/ROS2-Template/ros2_ws/install/example_cpp/lib/pkgconfig/example_cpp.pc'
[0.713s] Level 1:colcon.colcon_core.environment:checking '/ROS2-Template/ros2_ws/install/example_cpp/lib/python3.10/site-packages'
[0.713s] Level 1:colcon.colcon_core.environment:checking '/ROS2-Template/ros2_ws/install/example_cpp/bin'
[0.713s] INFO:colcon.colcon_core.shell:Creating package script '/ROS2-Template/ros2_ws/install/example_cpp/share/example_cpp/package.ps1'
[0.714s] INFO:colcon.colcon_core.shell:Creating package descriptor '/ROS2-Template/ros2_ws/install/example_cpp/share/example_cpp/package.dsv'
[0.714s] INFO:colcon.colcon_core.shell:Creating package script '/ROS2-Template/ros2_ws/install/example_cpp/share/example_cpp/package.sh'
[0.715s] INFO:colcon.colcon_core.shell:Creating package script '/ROS2-Template/ros2_ws/install/example_cpp/share/example_cpp/package.bash'
[0.716s] INFO:colcon.colcon_core.shell:Creating package script '/ROS2-Template/ros2_ws/install/example_cpp/share/example_cpp/package.zsh'
[0.717s] Level 1:colcon.colcon_core.environment:create_file_with_runtime_dependencies(/ROS2-Template/ros2_ws/install/example_cpp/share/colcon-core/packages/example_cpp)
[0.717s] Level 1:colcon.colcon_core.environment:create_environment_scripts_only(example_cpp)
[0.717s] Level 1:colcon.colcon_core.environment:checking '/ROS2-Template/ros2_ws/install/example_cpp' for CMake module files
[0.718s] Level 1:colcon.colcon_core.environment:checking '/ROS2-Template/ros2_ws/install/example_cpp' for CMake config files
[0.718s] Level 1:colcon.colcon_core.shell:create_environment_hook('example_cpp', 'cmake_prefix_path')
[0.718s] INFO:colcon.colcon_core.shell:Creating environment hook '/ROS2-Template/ros2_ws/install/example_cpp/share/example_cpp/hook/cmake_prefix_path.ps1'
[0.727s] INFO:colcon.colcon_core.shell:Creating environment descriptor '/ROS2-Template/ros2_ws/install/example_cpp/share/example_cpp/hook/cmake_prefix_path.dsv'
[0.728s] INFO:colcon.colcon_core.shell:Creating environment hook '/ROS2-Template/ros2_ws/install/example_cpp/share/example_cpp/hook/cmake_prefix_path.sh'
[0.728s] Level 1:colcon.colcon_core.environment:checking '/ROS2-Template/ros2_ws/install/example_cpp/bin'
[0.728s] Level 1:colcon.colcon_core.environment:checking '/ROS2-Template/ros2_ws/install/example_cpp/lib/pkgconfig/example_cpp.pc'
[0.728s] Level 1:colcon.colcon_core.environment:checking '/ROS2-Template/ros2_ws/install/example_cpp/lib/python3.10/site-packages'
[0.729s] Level 1:colcon.colcon_core.environment:checking '/ROS2-Template/ros2_ws/install/example_cpp/bin'
[0.729s] INFO:colcon.colcon_core.shell:Creating package script '/ROS2-Template/ros2_ws/install/example_cpp/share/example_cpp/package.ps1'
[0.729s] INFO:colcon.colcon_core.shell:Creating package descriptor '/ROS2-Template/ros2_ws/install/example_cpp/share/example_cpp/package.dsv'
[0.730s] INFO:colcon.colcon_core.shell:Creating package script '/ROS2-Template/ros2_ws/install/example_cpp/share/example_cpp/package.sh'
[0.730s] INFO:colcon.colcon_core.shell:Creating package script '/ROS2-Template/ros2_ws/install/example_cpp/share/example_cpp/package.bash'
[0.730s] INFO:colcon.colcon_core.shell:Creating package script '/ROS2-Template/ros2_ws/install/example_cpp/share/example_cpp/package.zsh'
[0.731s] Level 1:colcon.colcon_core.environment:create_file_with_runtime_dependencies(/ROS2-Template/ros2_ws/install/example_cpp/share/colcon-core/packages/example_cpp)
[0.964s] DEBUG:colcon.colcon_core.event_handler.log_command:Invoking command in '/ROS2-Template/ros2_ws/src/example_python': PYTHONPATH=/ROS2-Template/ros2_ws/build/example_python/prefix_override:/usr/lib/python3/dist-packages/colcon_core/task/python/colcon_distutils_commands:/ROS2-Template/ros2_ws/install/example_python/lib/python3.10/site-packages:${PYTHONPATH} /usr/bin/python3 -W ignore:setup.py install is deprecated -W ignore:easy_install command is deprecated setup.py egg_info --egg-base ../../build/example_python build --build-base /ROS2-Template/ros2_ws/build/example_python/build install --record /ROS2-Template/ros2_ws/build/example_python/install.log --single-version-externally-managed install_data
[1.177s] Level 1:colcon.colcon_core.environment:checking '/ROS2-Template/ros2_ws/install/example_python' for CMake module files
[1.177s] DEBUG:colcon.colcon_core.event_handler.log_command:Invoked command in '/ROS2-Template/ros2_ws/src/example_python' returned '0': PYTHONPATH=/ROS2-Template/ros2_ws/build/example_python/prefix_override:/usr/lib/python3/dist-packages/colcon_core/task/python/colcon_distutils_commands:/ROS2-Template/ros2_ws/install/example_python/lib/python3.10/site-packages:${PYTHONPATH} /usr/bin/python3 -W ignore:setup.py install is deprecated -W ignore:easy_install command is deprecated setup.py egg_info --egg-base ../../build/example_python build --build-base /ROS2-Template/ros2_ws/build/example_python/build install --record /ROS2-Template/ros2_ws/build/example_python/install.log --single-version-externally-managed install_data
[1.178s] Level 1:colcon.colcon_core.environment:checking '/ROS2-Template/ros2_ws/install/example_python' for CMake config files
[1.181s] Level 1:colcon.colcon_core.environment:checking '/ROS2-Template/ros2_ws/install/example_python/lib'
[1.181s] Level 1:colcon.colcon_core.environment:checking '/ROS2-Template/ros2_ws/install/example_python/bin'
[1.181s] Level 1:colcon.colcon_core.environment:checking '/ROS2-Template/ros2_ws/install/example_python/lib/pkgconfig/example_python.pc'
[1.181s] Level 1:colcon.colcon_core.environment:checking '/ROS2-Template/ros2_ws/install/example_python/lib/python3.10/site-packages'
[1.181s] Level 1:colcon.colcon_core.shell:create_environment_hook('example_python', 'pythonpath')
[1.181s] INFO:colcon.colcon_core.shell:Creating environment hook '/ROS2-Template/ros2_ws/install/example_python/share/example_python/hook/pythonpath.ps1'
[1.182s] INFO:colcon.colcon_core.shell:Creating environment descriptor '/ROS2-Template/ros2_ws/install/example_python/share/example_python/hook/pythonpath.dsv'
[1.182s] INFO:colcon.colcon_core.shell:Creating environment hook '/ROS2-Template/ros2_ws/install/example_python/share/example_python/hook/pythonpath.sh'
[1.183s] Level 1:colcon.colcon_core.environment:checking '/ROS2-Template/ros2_ws/install/example_python/bin'
[1.183s] Level 1:colcon.colcon_core.environment:create_environment_scripts_only(example_python)
[1.183s] INFO:colcon.colcon_core.shell:Creating package script '/ROS2-Template/ros2_ws/install/example_python/share/example_python/package.ps1'
[1.184s] INFO:colcon.colcon_core.shell:Creating package descriptor '/ROS2-Template/ros2_ws/install/example_python/share/example_python/package.dsv'
[1.184s] INFO:colcon.colcon_core.shell:Creating package script '/ROS2-Template/ros2_ws/install/example_python/share/example_python/package.sh'
[1.184s] INFO:colcon.colcon_core.shell:Creating package script '/ROS2-Template/ros2_ws/install/example_python/share/example_python/package.bash'
[1.184s] INFO:colcon.colcon_core.shell:Creating package script '/ROS2-Template/ros2_ws/install/example_python/share/example_python/package.zsh'
[1.185s] Level 1:colcon.colcon_core.environment:create_file_with_runtime_dependencies(/ROS2-Template/ros2_ws/install/example_python/share/colcon-core/packages/example_python)
[1.801s] DEBUG:colcon.colcon_core.event_handler.log_command:Invoked command in '/ROS2-Template/ros2_ws/build/interfaces' returned '0': CMAKE_PREFIX_PATH=/opt/ros/humble /usr/bin/cmake /ROS2-Template/ros2_ws/src/interfaces -DCMAKE_INSTALL_PREFIX=/ROS2-Template/ros2_ws/install/interfaces
[1.802s] DEBUG:colcon.colcon_core.event_handler.log_command:Invoking command in '/ROS2-Template/ros2_ws/build/interfaces': CMAKE_PREFIX_PATH=/opt/ros/humble /usr/bin/cmake --build /ROS2-Template/ros2_ws/build/interfaces -- -j12 -l12
[5.315s] DEBUG:colcon.colcon_core.event_handler.log_command:Invoked command in '/ROS2-Template/ros2_ws/build/interfaces' returned '0': CMAKE_PREFIX_PATH=/opt/ros/humble /usr/bin/cmake --build /ROS2-Template/ros2_ws/build/interfaces -- -j12 -l12
[5.317s] DEBUG:colcon.colcon_core.event_handler.log_command:Invoking command in '/ROS2-Template/ros2_ws/build/interfaces': CMAKE_PREFIX_PATH=/opt/ros/humble /usr/bin/cmake --install /ROS2-Template/ros2_ws/build/interfaces
[5.431s] Level 1:colcon.colcon_core.environment:create_environment_scripts_only(interfaces)
[5.431s] Level 1:colcon.colcon_core.environment:checking '/ROS2-Template/ros2_ws/install/interfaces' for CMake module files
[5.432s] DEBUG:colcon.colcon_core.event_handler.log_command:Invoked command in '/ROS2-Template/ros2_ws/build/interfaces' returned '0': CMAKE_PREFIX_PATH=/opt/ros/humble /usr/bin/cmake --install /ROS2-Template/ros2_ws/build/interfaces
[5.432s] Level 1:colcon.colcon_core.environment:checking '/ROS2-Template/ros2_ws/install/interfaces' for CMake config files
[5.434s] Level 1:colcon.colcon_core.shell:create_environment_hook('interfaces', 'cmake_prefix_path')
[5.434s] INFO:colcon.colcon_core.shell:Creating environment hook '/ROS2-Template/ros2_ws/install/interfaces/share/interfaces/hook/cmake_prefix_path.ps1'
[5.435s] INFO:colcon.colcon_core.shell:Creating environment descriptor '/ROS2-Template/ros2_ws/install/interfaces/share/interfaces/hook/cmake_prefix_path.dsv'
[5.435s] INFO:colcon.colcon_core.shell:Creating environment hook '/ROS2-Template/ros2_ws/install/interfaces/share/interfaces/hook/cmake_prefix_path.sh'
[5.435s] Level 1:colcon.colcon_core.environment:checking '/ROS2-Template/ros2_ws/install/interfaces/lib'
[5.436s] Level 1:colcon.colcon_core.shell:create_environment_hook('interfaces', 'ld_library_path_lib')
[5.436s] INFO:colcon.colcon_core.shell:Creating environment hook '/ROS2-Template/ros2_ws/install/interfaces/share/interfaces/hook/ld_library_path_lib.ps1'
[5.436s] INFO:colcon.colcon_core.shell:Creating environment descriptor '/ROS2-Template/ros2_ws/install/interfaces/share/interfaces/hook/ld_library_path_lib.dsv'
[5.436s] INFO:colcon.colcon_core.shell:Creating environment hook '/ROS2-Template/ros2_ws/install/interfaces/share/interfaces/hook/ld_library_path_lib.sh'
[5.437s] Level 1:colcon.colcon_core.environment:checking '/ROS2-Template/ros2_ws/install/interfaces/bin'
[5.437s] Level 1:colcon.colcon_core.environment:checking '/ROS2-Template/ros2_ws/install/interfaces/lib/pkgconfig/interfaces.pc'
[5.437s] Level 1:colcon.colcon_core.environment:checking '/ROS2-Template/ros2_ws/install/interfaces/lib/python3.10/site-packages'
[5.437s] Level 1:colcon.colcon_core.environment:checking '/ROS2-Template/ros2_ws/install/interfaces/bin'
[5.437s] INFO:colcon.colcon_core.shell:Creating package script '/ROS2-Template/ros2_ws/install/interfaces/share/interfaces/package.ps1'
[5.437s] INFO:colcon.colcon_core.shell:Creating package descriptor '/ROS2-Template/ros2_ws/install/interfaces/share/interfaces/package.dsv'
[5.438s] INFO:colcon.colcon_core.shell:Creating package script '/ROS2-Template/ros2_ws/install/interfaces/share/interfaces/package.sh'
[5.438s] INFO:colcon.colcon_core.shell:Creating package script '/ROS2-Template/ros2_ws/install/interfaces/share/interfaces/package.bash'
[5.438s] INFO:colcon.colcon_core.shell:Creating package script '/ROS2-Template/ros2_ws/install/interfaces/share/interfaces/package.zsh'
[5.439s] Level 1:colcon.colcon_core.environment:create_file_with_runtime_dependencies(/ROS2-Template/ros2_ws/install/interfaces/share/colcon-core/packages/interfaces)
[5.439s] Level 1:colcon.colcon_core.environment:create_environment_scripts_only(interfaces)
[5.439s] Level 1:colcon.colcon_core.environment:checking '/ROS2-Template/ros2_ws/install/interfaces' for CMake module files
[5.440s] Level 1:colcon.colcon_core.environment:checking '/ROS2-Template/ros2_ws/install/interfaces' for CMake config files
[5.441s] Level 1:colcon.colcon_core.shell:create_environment_hook('interfaces', 'cmake_prefix_path')
[5.441s] INFO:colcon.colcon_core.shell:Creating environment hook '/ROS2-Template/ros2_ws/install/interfaces/share/interfaces/hook/cmake_prefix_path.ps1'
[5.441s] INFO:colcon.colcon_core.shell:Creating environment descriptor '/ROS2-Template/ros2_ws/install/interfaces/share/interfaces/hook/cmake_prefix_path.dsv'
[5.441s] INFO:colcon.colcon_core.shell:Creating environment hook '/ROS2-Template/ros2_ws/install/interfaces/share/interfaces/hook/cmake_prefix_path.sh'
[5.442s] Level 1:colcon.colcon_core.environment:checking '/ROS2-Template/ros2_ws/install/interfaces/lib'
[5.442s] Level 1:colcon.colcon_core.shell:create_environment_hook('interfaces', 'ld_library_path_lib')
[5.442s] INFO:colcon.colcon_core.shell:Creating environment hook '/ROS2-Template/ros2_ws/install/interfaces/share/interfaces/hook/ld_library_path_lib.ps1'
[5.442s] INFO:colcon.colcon_core.shell:Creating environment descriptor '/ROS2-Template/ros2_ws/install/interfaces/share/interfaces/hook/ld_library_path_lib.dsv'
[5.443s] INFO:colcon.colcon_core.shell:Creating environment hook '/ROS2-Template/ros2_ws/install/interfaces/share/interfaces/hook/ld_library_path_lib.sh'
[5.443s] Level 1:colcon.colcon_core.environment:checking '/ROS2-Template/ros2_ws/install/interfaces/bin'
[5.443s] Level 1:colcon.colcon_core.environment:checking '/ROS2-Template/ros2_ws/install/interfaces/lib/pkgconfig/interfaces.pc'
[5.443s] Level 1:colcon.colcon_core.environment:checking '/ROS2-Template/ros2_ws/install/interfaces/lib/python3.10/site-packages'
[5.443s] Level 1:colcon.colcon_core.environment:checking '/ROS2-Template/ros2_ws/install/interfaces/bin'
[5.443s] INFO:colcon.colcon_core.shell:Creating package script '/ROS2-Template/ros2_ws/install/interfaces/share/interfaces/package.ps1'
[5.444s] INFO:colcon.colcon_core.shell:Creating package descriptor '/ROS2-Template/ros2_ws/install/interfaces/share/interfaces/package.dsv'
[5.444s] INFO:colcon.colcon_core.shell:Creating package script '/ROS2-Template/ros2_ws/install/interfaces/share/interfaces/package.sh'
[5.444s] INFO:colcon.colcon_core.shell:Creating package script '/ROS2-Template/ros2_ws/install/interfaces/share/interfaces/package.bash'
[5.445s] INFO:colcon.colcon_core.shell:Creating package script '/ROS2-Template/ros2_ws/install/interfaces/share/interfaces/package.zsh'
[5.445s] Level 1:colcon.colcon_core.environment:create_file_with_runtime_dependencies(/ROS2-Template/ros2_ws/install/interfaces/share/colcon-core/packages/interfaces)
[5.445s] DEBUG:colcon.colcon_parallel_executor.executor.parallel:closing loop
[5.446s] DEBUG:colcon.colcon_parallel_executor.executor.parallel:loop closed
[5.446s] DEBUG:colcon.colcon_parallel_executor.executor.parallel:run_until_complete finished with '0'
[5.446s] DEBUG:colcon.colcon_core.event_reactor:joining thread
[5.456s] INFO:colcon.colcon_core.plugin_system:Skipping extension 'colcon_notification.desktop_notification.notify_send': Could not find 'notify-send'
[5.456s] INFO:colcon.colcon_core.plugin_system:Skipping extension 'colcon_notification.desktop_notification.terminal_notifier': Not used on non-Darwin systems
[5.456s] INFO:colcon.colcon_core.plugin_system:Skipping extension 'colcon_notification.desktop_notification.win32': Not used on non-Windows systems
[5.456s] INFO:colcon.colcon_notification.desktop_notification:Sending desktop notification using 'notify2'
[5.456s] DEBUG:colcon.colcon_notification.desktop_notification.notify2:Failed to initialize notify2: org.freedesktop.DBus.Error.NotSupported: Unable to autolaunch a dbus-daemon without a $DISPLAY for X11
[5.456s] DEBUG:colcon.colcon_core.event_reactor:joined thread
[5.457s] INFO:colcon.colcon_core.shell:Creating prefix script '/ROS2-Template/ros2_ws/install/local_setup.ps1'
[5.457s] INFO:colcon.colcon_core.shell:Creating prefix util module '/ROS2-Template/ros2_ws/install/_local_setup_util_ps1.py'
[5.459s] INFO:colcon.colcon_core.shell:Creating prefix chain script '/ROS2-Template/ros2_ws/install/setup.ps1'
[5.460s] INFO:colcon.colcon_core.shell:Creating prefix script '/ROS2-Template/ros2_ws/install/local_setup.sh'
[5.460s] INFO:colcon.colcon_core.shell:Creating prefix util module '/ROS2-Template/ros2_ws/install/_local_setup_util_sh.py'
[5.461s] INFO:colcon.colcon_core.shell:Creating prefix chain script '/ROS2-Template/ros2_ws/install/setup.sh'
[5.462s] INFO:colcon.colcon_core.shell:Creating prefix script '/ROS2-Template/ros2_ws/install/local_setup.bash'
[5.462s] INFO:colcon.colcon_core.shell:Creating prefix chain script '/ROS2-Template/ros2_ws/install/setup.bash'
[5.464s] INFO:colcon.colcon_core.shell:Creating prefix script '/ROS2-Template/ros2_ws/install/local_setup.zsh'
[5.464s] INFO:colcon.colcon_core.shell:Creating prefix chain script '/ROS2-Template/ros2_ws/install/setup.zsh'
